{"/home/travis/build/npmtest/node-npmtest-eqcss/test.js":{"path":"/home/travis/build/npmtest/node-npmtest-eqcss/test.js","s":{"1":2,"2":2,"3":2,"4":2,"5":2,"6":2,"7":2,"8":1,"9":2,"10":2,"11":1,"12":1,"13":1,"14":1,"15":2,"16":2,"17":2,"18":2,"19":1,"20":1,"21":2,"22":2,"23":2,"24":1,"25":1,"26":1,"27":1,"28":1,"29":1,"30":1,"31":1,"32":1,"33":1,"34":1,"35":1,"36":1,"37":1,"38":1,"39":2,"40":2,"41":1,"42":2,"43":2,"44":1,"45":2,"46":2,"47":1,"48":2,"49":2,"50":1,"51":1,"52":1,"53":1,"54":1},"b":{"1":[2,1,1,1],"2":[1,1,1,1],"3":[1,1],"4":[1,1],"5":[1,1],"6":[1,1],"7":[1,1],"8":[1,1],"9":[1,1],"10":[1,1,1],"11":[1,1],"12":[1,1],"13":[1,1],"14":[1,1],"15":[1,1],"16":[1,1],"17":[1,1]},"f":{"1":2,"2":2,"3":2,"4":2,"5":2,"6":1,"7":1,"8":1,"9":2,"10":2,"11":2,"12":2,"13":1},"fnMap":{"1":{"name":"(anonymous_1)","line":12,"loc":{"start":{"line":12,"column":1},"end":{"line":12,"column":13}}},"2":{"name":"(anonymous_2)","line":19,"loc":{"start":{"line":19,"column":5},"end":{"line":19,"column":17}}},"3":{"name":"(anonymous_3)","line":23,"loc":{"start":{"line":23,"column":24},"end":{"line":23,"column":36}}},"4":{"name":"(anonymous_4)","line":61,"loc":{"start":{"line":61,"column":5},"end":{"line":61,"column":17}}},"5":{"name":"(anonymous_5)","line":82,"loc":{"start":{"line":82,"column":5},"end":{"line":82,"column":17}}},"6":{"name":"(anonymous_6)","line":91,"loc":{"start":{"line":91,"column":77},"end":{"line":94,"column":10}}},"7":{"name":"(anonymous_7)","line":112,"loc":{"start":{"line":112,"column":83},"end":{"line":115,"column":10}},"skip":true},"8":{"name":"(anonymous_8)","line":123,"loc":{"start":{"line":123,"column":77},"end":{"line":126,"column":10}},"skip":true},"9":{"name":"(anonymous_9)","line":139,"loc":{"start":{"line":139,"column":12},"end":{"line":139,"column":40}},"skip":true},"10":{"name":"(anonymous_10)","line":147,"loc":{"start":{"line":147,"column":77},"end":{"line":150,"column":10}},"skip":true},"11":{"name":"(anonymous_11)","line":158,"loc":{"start":{"line":158,"column":83},"end":{"line":161,"column":10}},"skip":true},"12":{"name":"(anonymous_12)","line":169,"loc":{"start":{"line":169,"column":79},"end":{"line":172,"column":10}},"skip":true},"13":{"name":"(anonymous_13)","line":180,"loc":{"start":{"line":180,"column":75},"end":{"line":183,"column":10}},"skip":true}},"statementMap":{"1":{"start":{"line":12,"column":0},"end":{"line":195,"column":5}},"2":{"start":{"line":14,"column":4},"end":{"line":14,"column":14}},"3":{"start":{"line":19,"column":4},"end":{"line":56,"column":9}},"4":{"start":{"line":21,"column":8},"end":{"line":21,"column":19}},"5":{"start":{"line":23,"column":8},"end":{"line":35,"column":13}},"6":{"start":{"line":24,"column":12},"end":{"line":34,"column":13}},"7":{"start":{"line":25,"column":16},"end":{"line":28,"column":30}},"8":{"start":{"line":30,"column":16},"end":{"line":33,"column":27}},"9":{"start":{"line":37,"column":8},"end":{"line":39,"column":21}},"10":{"start":{"line":40,"column":8},"end":{"line":53,"column":9}},"11":{"start":{"line":43,"column":12},"end":{"line":46,"column":14}},"12":{"start":{"line":47,"column":12},"end":{"line":47,"column":18}},"13":{"start":{"line":50,"column":12},"end":{"line":51,"column":33}},"14":{"start":{"line":52,"column":12},"end":{"line":52,"column":18}},"15":{"start":{"line":55,"column":8},"end":{"line":55,"column":35}},"16":{"start":{"line":61,"column":4},"end":{"line":63,"column":9}},"17":{"start":{"line":62,"column":8},"end":{"line":62,"column":15}},"18":{"start":{"line":64,"column":4},"end":{"line":77,"column":5}},"19":{"start":{"line":70,"column":8},"end":{"line":70,"column":14}},"20":{"start":{"line":76,"column":8},"end":{"line":76,"column":14}},"21":{"start":{"line":82,"column":4},"end":{"line":84,"column":9}},"22":{"start":{"line":83,"column":8},"end":{"line":83,"column":15}},"23":{"start":{"line":85,"column":4},"end":{"line":194,"column":5}},"24":{"start":{"line":91,"column":8},"end":{"line":99,"column":10}},"25":{"start":{"line":98,"column":12},"end":{"line":98,"column":35}},"26":{"start":{"line":102,"column":8},"end":{"line":104,"column":63}},"27":{"start":{"line":105,"column":8},"end":{"line":105,"column":14}},"28":{"start":{"line":112,"column":8},"end":{"line":121,"column":10},"skip":true},"29":{"start":{"line":119,"column":12},"end":{"line":119,"column":55},"skip":true},"30":{"start":{"line":120,"column":12},"end":{"line":120,"column":48},"skip":true},"31":{"start":{"line":123,"column":8},"end":{"line":136,"column":10},"skip":true},"32":{"start":{"line":130,"column":12},"end":{"line":130,"column":76},"skip":true},"33":{"start":{"line":131,"column":12},"end":{"line":131,"column":73},"skip":true},"34":{"start":{"line":132,"column":12},"end":{"line":132,"column":74},"skip":true},"35":{"start":{"line":133,"column":12},"end":{"line":133,"column":79},"skip":true},"36":{"start":{"line":134,"column":12},"end":{"line":134,"column":25},"skip":true},"37":{"start":{"line":135,"column":12},"end":{"line":135,"column":45},"skip":true},"38":{"start":{"line":138,"column":8},"end":{"line":145,"column":14},"skip":true},"39":{"start":{"line":143,"column":16},"end":{"line":143,"column":29},"skip":true},"40":{"start":{"line":144,"column":16},"end":{"line":144,"column":55},"skip":true},"41":{"start":{"line":147,"column":8},"end":{"line":156,"column":10},"skip":true},"42":{"start":{"line":154,"column":12},"end":{"line":154,"column":25},"skip":true},"43":{"start":{"line":155,"column":12},"end":{"line":155,"column":45},"skip":true},"44":{"start":{"line":158,"column":8},"end":{"line":167,"column":10},"skip":true},"45":{"start":{"line":165,"column":12},"end":{"line":165,"column":25},"skip":true},"46":{"start":{"line":166,"column":12},"end":{"line":166,"column":48},"skip":true},"47":{"start":{"line":169,"column":8},"end":{"line":178,"column":10},"skip":true},"48":{"start":{"line":176,"column":12},"end":{"line":176,"column":25},"skip":true},"49":{"start":{"line":177,"column":12},"end":{"line":177,"column":46},"skip":true},"50":{"start":{"line":180,"column":8},"end":{"line":189,"column":10},"skip":true},"51":{"start":{"line":187,"column":12},"end":{"line":187,"column":94},"skip":true},"52":{"start":{"line":188,"column":12},"end":{"line":188,"column":48},"skip":true},"53":{"start":{"line":192,"column":8},"end":{"line":192,"column":35},"skip":true},"54":{"start":{"line":193,"column":8},"end":{"line":193,"column":14},"skip":true}},"branchMap":{"1":{"line":25,"type":"binary-expr","locations":[{"start":{"line":25,"column":23},"end":{"line":25,"column":62}},{"start":{"line":26,"column":20},"end":{"line":26,"column":70}},{"start":{"line":27,"column":20},"end":{"line":27,"column":71}},{"start":{"line":28,"column":20},"end":{"line":28,"column":29}}]},"2":{"line":30,"type":"binary-expr","locations":[{"start":{"line":30,"column":23},"end":{"line":30,"column":37}},{"start":{"line":31,"column":20},"end":{"line":31,"column":61}},{"start":{"line":32,"column":20},"end":{"line":32,"column":70}},{"start":{"line":33,"column":20},"end":{"line":33,"column":26}}]},"3":{"line":37,"type":"cond-expr","locations":[{"start":{"line":38,"column":14},"end":{"line":38,"column":20}},{"start":{"line":39,"column":14},"end":{"line":39,"column":20}}]},"4":{"line":40,"type":"switch","locations":[{"start":{"line":42,"column":8},"end":{"line":47,"column":18}},{"start":{"line":49,"column":8},"end":{"line":52,"column":18}}]},"5":{"line":44,"type":"binary-expr","locations":[{"start":{"line":44,"column":16},"end":{"line":44,"column":44}},{"start":{"line":44,"column":48},"end":{"line":44,"column":66}}]},"6":{"line":50,"type":"binary-expr","locations":[{"start":{"line":50,"column":21},"end":{"line":50,"column":49}},{"start":{"line":50,"column":53},"end":{"line":50,"column":72}}]},"7":{"line":64,"type":"switch","locations":[{"start":{"line":69,"column":4},"end":{"line":70,"column":14}},{"start":{"line":75,"column":4},"end":{"line":76,"column":14}}]},"8":{"line":85,"type":"switch","locations":[{"start":{"line":90,"column":4},"end":{"line":105,"column":14}},{"start":{"line":111,"column":4},"end":{"line":193,"column":14},"skip":true}]},"9":{"line":91,"type":"binary-expr","locations":[{"start":{"line":91,"column":42},"end":{"line":91,"column":73}},{"start":{"line":91,"column":77},"end":{"line":99,"column":9}}]},"10":{"line":102,"type":"binary-expr","locations":[{"start":{"line":102,"column":18},"end":{"line":102,"column":32}},{"start":{"line":103,"column":12},"end":{"line":103,"column":53}},{"start":{"line":104,"column":12},"end":{"line":104,"column":61}}]},"11":{"line":112,"type":"binary-expr","locations":[{"start":{"line":112,"column":45},"end":{"line":112,"column":79},"skip":true},{"start":{"line":112,"column":83},"end":{"line":121,"column":9},"skip":true}]},"12":{"line":123,"type":"binary-expr","locations":[{"start":{"line":123,"column":42},"end":{"line":123,"column":73},"skip":true},{"start":{"line":123,"column":77},"end":{"line":136,"column":9},"skip":true}]},"13":{"line":138,"type":"binary-expr","locations":[{"start":{"line":138,"column":48},"end":{"line":138,"column":85},"skip":true},{"start":{"line":139,"column":12},"end":{"line":145,"column":13},"skip":true}]},"14":{"line":147,"type":"binary-expr","locations":[{"start":{"line":147,"column":42},"end":{"line":147,"column":73},"skip":true},{"start":{"line":147,"column":77},"end":{"line":156,"column":9},"skip":true}]},"15":{"line":158,"type":"binary-expr","locations":[{"start":{"line":158,"column":45},"end":{"line":158,"column":79},"skip":true},{"start":{"line":158,"column":83},"end":{"line":167,"column":9},"skip":true}]},"16":{"line":169,"type":"binary-expr","locations":[{"start":{"line":169,"column":43},"end":{"line":169,"column":75},"skip":true},{"start":{"line":169,"column":79},"end":{"line":178,"column":9},"skip":true}]},"17":{"line":180,"type":"binary-expr","locations":[{"start":{"line":180,"column":41},"end":{"line":180,"column":71},"skip":true},{"start":{"line":180,"column":75},"end":{"line":189,"column":9},"skip":true}]}},"code":["/* istanbul instrument in package npmtest_eqcss */","/*jslint","    bitwise: true,","    browser: true,","    maxerr: 8,","    maxlen: 96,","    node: true,","    nomen: true,","    regexp: true,","    stupid: true","*/","(function () {","    'use strict';","    var local;","","","","    // run shared js-env code - init-before","    (function () {","        // init local","        local = {};","        // init modeJs","        local.modeJs = (function () {","            try {","                return typeof navigator.userAgent === 'string' &&","                    typeof document.querySelector('body') === 'object' &&","                    typeof XMLHttpRequest.prototype.open === 'function' &&","                    'browser';","            } catch (errorCaughtBrowser) {","                return module.exports &&","                    typeof process.versions.node === 'string' &&","                    typeof require('http').createServer === 'function' &&","                    'node';","            }","        }());","        // init global","        local.global = local.modeJs === 'browser'","            ? window","            : global;","        switch (local.modeJs) {","        // re-init local from window.local","        case 'browser':","            local = local.global.utility2.objectSetDefault(","                local.global.utility2_rollup || local.global.local,","                local.global.utility2","            );","            break;","        // re-init local from example.js","        case 'node':","            local = (local.global.utility2_rollup || require('utility2'))","                .requireReadme();","            break;","        }","        // export local","        local.global.local = local;","    }());","","","","    // run shared js-env code - function","    (function () {","        return;","    }());","    switch (local.modeJs) {","","","","    // run browser js-env code - function","    case 'browser':","        break;","","","","    // run node js-env code - function","    case 'node':","        break;","    }","","","","    // run shared js-env code - init-after","    (function () {","        return;","    }());","    switch (local.modeJs) {","","","","    // run browser js-env code - init-after","    case 'browser':","        local.testCase_browser_nullCase = local.testCase_browser_nullCase || function (","            options,","            onError","        ) {","        /*","         * this function will test browsers's null-case handling-behavior-behavior","         */","            onError(null, options);","        };","","        // run tests","        local.nop(local.modeTest &&","            document.querySelector('#testRunButton1') &&","            document.querySelector('#testRunButton1').click());","        break;","","","","    // run node js-env code - init-after","    /* istanbul ignore next */","    case 'node':","        local.testCase_buildApidoc_default = local.testCase_buildApidoc_default || function (","            options,","            onError","        ) {","        /*","         * this function will test buildApidoc's default handling-behavior-behavior","         */","            options = { modulePathList: module.paths };","            local.buildApidoc(options, onError);","        };","","        local.testCase_buildApp_default = local.testCase_buildApp_default || function (","            options,","            onError","        ) {","        /*","         * this function will test buildApp's default handling-behavior-behavior","         */","            local.testCase_buildReadme_default(options, local.onErrorThrow);","            local.testCase_buildLib_default(options, local.onErrorThrow);","            local.testCase_buildTest_default(options, local.onErrorThrow);","            local.testCase_buildCustomOrg_default(options, local.onErrorThrow);","            options = [];","            local.buildApp(options, onError);","        };","","        local.testCase_buildCustomOrg_default = local.testCase_buildCustomOrg_default ||","            function (options, onError) {","            /*","             * this function will test buildCustomOrg's default handling-behavior","             */","                options = {};","                local.buildCustomOrg(options, onError);","            };","","        local.testCase_buildLib_default = local.testCase_buildLib_default || function (","            options,","            onError","        ) {","        /*","         * this function will test buildLib's default handling-behavior","         */","            options = {};","            local.buildLib(options, onError);","        };","","        local.testCase_buildReadme_default = local.testCase_buildReadme_default || function (","            options,","            onError","        ) {","        /*","         * this function will test buildReadme's default handling-behavior-behavior","         */","            options = {};","            local.buildReadme(options, onError);","        };","","        local.testCase_buildTest_default = local.testCase_buildTest_default || function (","            options,","            onError","        ) {","        /*","         * this function will test buildTest's default handling-behavior","         */","            options = {};","            local.buildTest(options, onError);","        };","","        local.testCase_webpage_default = local.testCase_webpage_default || function (","            options,","            onError","        ) {","        /*","         * this function will test webpage's default handling-behavior","         */","            options = { modeCoverageMerge: true, url: local.serverLocalHost + '?modeTest=1' };","            local.browserTest(options, onError);","        };","","        // run test-server","        local.testRunServer(local);","        break;","    }","}());",""],"l":{"12":2,"14":2,"19":2,"21":2,"23":2,"24":2,"25":2,"30":1,"37":2,"40":2,"43":1,"47":1,"50":1,"52":1,"55":2,"61":2,"62":2,"64":2,"70":1,"76":1,"82":2,"83":2,"85":2,"91":1,"98":1,"102":1,"105":1,"112":1,"119":1,"120":1,"123":1,"130":1,"131":1,"132":1,"133":1,"134":1,"135":1,"138":1,"143":2,"144":2,"147":1,"154":2,"155":2,"158":1,"165":2,"166":2,"169":1,"176":2,"177":2,"180":1,"187":1,"188":1,"192":1,"193":1}},"/home/travis/build/npmtest/node-npmtest-eqcss/lib.npmtest_eqcss.js":{"path":"/home/travis/build/npmtest/node-npmtest-eqcss/lib.npmtest_eqcss.js","s":{"1":2,"2":2,"3":2,"4":2,"5":2,"6":2,"7":2,"8":1,"9":2,"10":2,"11":2,"12":2,"13":1,"14":1,"15":1,"16":1},"b":{"1":[2,1,1,1],"2":[1,1,1,1],"3":[1,1],"4":[2,2],"5":[1,1]},"f":{"1":2,"2":2,"3":2},"fnMap":{"1":{"name":"(anonymous_1)","line":12,"loc":{"start":{"line":12,"column":1},"end":{"line":12,"column":13}}},"2":{"name":"(anonymous_2)","line":19,"loc":{"start":{"line":19,"column":5},"end":{"line":19,"column":17}}},"3":{"name":"(anonymous_3)","line":23,"loc":{"start":{"line":23,"column":24},"end":{"line":23,"column":36}}}},"statementMap":{"1":{"start":{"line":12,"column":0},"end":{"line":53,"column":5}},"2":{"start":{"line":14,"column":4},"end":{"line":14,"column":14}},"3":{"start":{"line":19,"column":4},"end":{"line":52,"column":9}},"4":{"start":{"line":21,"column":8},"end":{"line":21,"column":19}},"5":{"start":{"line":23,"column":8},"end":{"line":35,"column":13}},"6":{"start":{"line":24,"column":12},"end":{"line":34,"column":13}},"7":{"start":{"line":25,"column":16},"end":{"line":28,"column":30}},"8":{"start":{"line":30,"column":16},"end":{"line":33,"column":27}},"9":{"start":{"line":37,"column":8},"end":{"line":39,"column":21}},"10":{"start":{"line":41,"column":8},"end":{"line":41,"column":54}},"11":{"start":{"line":43,"column":8},"end":{"line":43,"column":50}},"12":{"start":{"line":45,"column":8},"end":{"line":51,"column":9}},"13":{"start":{"line":46,"column":12},"end":{"line":46,"column":56}},"14":{"start":{"line":48,"column":12},"end":{"line":48,"column":35}},"15":{"start":{"line":49,"column":12},"end":{"line":49,"column":49}},"16":{"start":{"line":50,"column":12},"end":{"line":50,"column":43}}},"branchMap":{"1":{"line":25,"type":"binary-expr","locations":[{"start":{"line":25,"column":23},"end":{"line":25,"column":62}},{"start":{"line":26,"column":20},"end":{"line":26,"column":70}},{"start":{"line":27,"column":20},"end":{"line":27,"column":71}},{"start":{"line":28,"column":20},"end":{"line":28,"column":29}}]},"2":{"line":30,"type":"binary-expr","locations":[{"start":{"line":30,"column":23},"end":{"line":30,"column":37}},{"start":{"line":31,"column":20},"end":{"line":31,"column":61}},{"start":{"line":32,"column":20},"end":{"line":32,"column":70}},{"start":{"line":33,"column":20},"end":{"line":33,"column":26}}]},"3":{"line":37,"type":"cond-expr","locations":[{"start":{"line":38,"column":14},"end":{"line":38,"column":20}},{"start":{"line":39,"column":14},"end":{"line":39,"column":20}}]},"4":{"line":41,"type":"binary-expr","locations":[{"start":{"line":41,"column":16},"end":{"line":41,"column":44}},{"start":{"line":41,"column":48},"end":{"line":41,"column":53}}]},"5":{"line":45,"type":"if","locations":[{"start":{"line":45,"column":8},"end":{"line":45,"column":8}},{"start":{"line":45,"column":8},"end":{"line":45,"column":8}}]}},"code":["/* istanbul instrument in package npmtest_eqcss */","/*jslint","    bitwise: true,","    browser: true,","    maxerr: 8,","    maxlen: 96,","    node: true,","    nomen: true,","    regexp: true,","    stupid: true","*/","(function () {","    'use strict';","    var local;","","","","    // run shared js-env code - init-before","    (function () {","        // init local","        local = {};","        // init modeJs","        local.modeJs = (function () {","            try {","                return typeof navigator.userAgent === 'string' &&","                    typeof document.querySelector('body') === 'object' &&","                    typeof XMLHttpRequest.prototype.open === 'function' &&","                    'browser';","            } catch (errorCaughtBrowser) {","                return module.exports &&","                    typeof process.versions.node === 'string' &&","                    typeof require('http').createServer === 'function' &&","                    'node';","            }","        }());","        // init global","        local.global = local.modeJs === 'browser'","            ? window","            : global;","        // init utility2_rollup","        local = local.global.utility2_rollup || local;","        // init lib","        local.local = local.npmtest_eqcss = local;","        // init exports","        if (local.modeJs === 'browser') {","            local.global.utility2_npmtest_eqcss = local;","        } else {","            module.exports = local;","            module.exports.__dirname = __dirname;","            module.exports.module = module;","        }","    }());","}());",""],"l":{"12":2,"14":2,"19":2,"21":2,"23":2,"24":2,"25":2,"30":1,"37":2,"41":2,"43":2,"45":2,"46":1,"48":1,"49":1,"50":1}},"/home/travis/build/npmtest/node-npmtest-eqcss/example.js":{"path":"/home/travis/build/npmtest/node-npmtest-eqcss/example.js","s":{"1":2,"2":2,"3":2,"4":2,"5":2,"6":2,"7":2,"8":1,"9":2,"10":2,"11":2,"12":2,"13":1,"14":2,"15":2,"16":2,"17":2,"18":2,"19":0,"20":2,"21":1,"22":1,"23":1,"24":1,"25":1,"26":0,"27":0,"28":1,"29":1,"30":2,"31":0,"32":0,"33":0,"34":1,"35":2,"36":2,"37":3,"38":3,"39":3,"40":3,"41":0,"42":3,"43":3,"44":3,"45":1,"46":3,"47":1,"48":1,"49":1,"50":1,"51":1,"52":1,"53":1,"54":1,"55":1,"56":1,"57":0,"58":1,"59":6,"60":6,"61":1,"62":2,"63":0,"64":2,"65":1,"66":1,"67":0,"68":0,"69":0,"70":0,"71":0,"72":0,"73":0,"74":0,"75":0,"76":0,"77":0,"78":0,"79":0,"80":0,"81":0,"82":0,"83":0},"b":{"1":[2,1,1,1],"2":[1,1,1,1],"3":[1,1],"4":[2,2],"5":[1,1],"6":[1,1],"7":[2,0],"8":[2,1,1,1,1,1],"9":[0,2,0],"10":[1,1],"11":[2,1,1],"12":[1,0],"13":[0,2],"14":[2,0,0,0,0,0,0],"15":[0,3],"16":[3,0],"17":[1,1],"18":[0,1],"19":[1,2,0,2],"20":[1,0],"21":[1,1],"22":[0,0],"23":[0,0],"24":[0,0],"25":[0,0],"26":[0,0],"27":[0,0],"28":[0,0]},"f":{"1":2,"2":2,"3":2,"4":2,"5":2,"6":2,"7":3,"8":3,"9":3,"10":1,"11":6,"12":0},"fnMap":{"1":{"name":"(anonymous_1)","line":26,"loc":{"start":{"line":26,"column":1},"end":{"line":26,"column":13}}},"2":{"name":"(anonymous_2)","line":33,"loc":{"start":{"line":33,"column":5},"end":{"line":33,"column":17}}},"3":{"name":"(anonymous_3)","line":37,"loc":{"start":{"line":37,"column":24},"end":{"line":37,"column":36}}},"4":{"name":"(anonymous_4)","line":69,"loc":{"start":{"line":69,"column":31},"end":{"line":69,"column":48}},"skip":true},"5":{"name":"(anonymous_5)","line":78,"loc":{"start":{"line":78,"column":26},"end":{"line":78,"column":45}},"skip":true},"6":{"name":"(anonymous_6)","line":123,"loc":{"start":{"line":123,"column":33},"end":{"line":123,"column":48}},"skip":true},"7":{"name":"(anonymous_7)","line":125,"loc":{"start":{"line":125,"column":27},"end":{"line":125,"column":39}},"skip":true},"8":{"name":"(anonymous_8)","line":133,"loc":{"start":{"line":133,"column":59},"end":{"line":133,"column":74}},"skip":true},"9":{"name":"(anonymous_9)","line":143,"loc":{"start":{"line":143,"column":45},"end":{"line":143,"column":62}},"skip":true},"10":{"name":"(anonymous_10)","line":144,"loc":{"start":{"line":144,"column":73},"end":{"line":144,"column":92}},"skip":true},"11":{"name":"(anonymous_11)","line":272,"loc":{"start":{"line":272,"column":51},"end":{"line":272,"column":77}},"skip":true},"12":{"name":"(anonymous_12)","line":315,"loc":{"start":{"line":315,"column":32},"end":{"line":315,"column":61}},"skip":true}},"statementMap":{"1":{"start":{"line":26,"column":0},"end":{"line":326,"column":5}},"2":{"start":{"line":28,"column":4},"end":{"line":28,"column":14}},"3":{"start":{"line":33,"column":4},"end":{"line":60,"column":9}},"4":{"start":{"line":35,"column":8},"end":{"line":35,"column":19}},"5":{"start":{"line":37,"column":8},"end":{"line":49,"column":13}},"6":{"start":{"line":38,"column":12},"end":{"line":48,"column":13}},"7":{"start":{"line":39,"column":16},"end":{"line":42,"column":30}},"8":{"start":{"line":44,"column":16},"end":{"line":47,"column":27}},"9":{"start":{"line":51,"column":8},"end":{"line":53,"column":21}},"10":{"start":{"line":55,"column":8},"end":{"line":57,"column":45}},"11":{"start":{"line":59,"column":8},"end":{"line":59,"column":35}},"12":{"start":{"line":61,"column":4},"end":{"line":325,"column":5}},"13":{"start":{"line":69,"column":8},"end":{"line":121,"column":10},"skip":true},"14":{"start":{"line":70,"column":12},"end":{"line":88,"column":13},"skip":true},"15":{"start":{"line":76,"column":16},"end":{"line":87,"column":19},"skip":true},"16":{"start":{"line":79,"column":20},"end":{"line":86,"column":21},"skip":true},"17":{"start":{"line":82,"column":24},"end":{"line":82,"column":43},"skip":true},"18":{"start":{"line":83,"column":24},"end":{"line":83,"column":30},"skip":true},"19":{"start":{"line":85,"column":24},"end":{"line":85,"column":49},"skip":true},"20":{"start":{"line":89,"column":12},"end":{"line":107,"column":13},"skip":true},"21":{"start":{"line":92,"column":16},"end":{"line":102,"column":17},"skip":true},"22":{"start":{"line":93,"column":20},"end":{"line":93,"column":86},"skip":true},"23":{"start":{"line":94,"column":20},"end":{"line":95,"column":45},"skip":true},"24":{"start":{"line":96,"column":20},"end":{"line":96,"column":42},"skip":true},"25":{"start":{"line":97,"column":20},"end":{"line":97,"column":48},"skip":true},"26":{"start":{"line":100,"column":20},"end":{"line":100,"column":85},"skip":true},"27":{"start":{"line":101,"column":20},"end":{"line":101,"column":96},"skip":true},"28":{"start":{"line":103,"column":16},"end":{"line":103,"column":22},"skip":true},"29":{"start":{"line":106,"column":16},"end":{"line":106,"column":22},"skip":true},"30":{"start":{"line":108,"column":12},"end":{"line":120,"column":13},"skip":true},"31":{"start":{"line":114,"column":16},"end":{"line":119,"column":17},"skip":true},"32":{"start":{"line":116,"column":20},"end":{"line":116,"column":78},"skip":true},"33":{"start":{"line":118,"column":20},"end":{"line":118,"column":47},"skip":true},"34":{"start":{"line":123,"column":8},"end":{"line":141,"column":11},"skip":true},"35":{"start":{"line":124,"column":12},"end":{"line":124,"column":54},"skip":true},"36":{"start":{"line":125,"column":12},"end":{"line":140,"column":14},"skip":true},"37":{"start":{"line":126,"column":16},"end":{"line":126,"column":28},"skip":true},"38":{"start":{"line":127,"column":16},"end":{"line":127,"column":69},"skip":true},"39":{"start":{"line":128,"column":16},"end":{"line":128,"column":75},"skip":true},"40":{"start":{"line":129,"column":16},"end":{"line":131,"column":17},"skip":true},"41":{"start":{"line":130,"column":20},"end":{"line":130,"column":27},"skip":true},"42":{"start":{"line":133,"column":16},"end":{"line":137,"column":36},"skip":true},"43":{"start":{"line":134,"column":20},"end":{"line":136,"column":55},"skip":true},"44":{"start":{"line":139,"column":16},"end":{"line":139,"column":57},"skip":true},"45":{"start":{"line":143,"column":8},"end":{"line":147,"column":11},"skip":true},"46":{"start":{"line":144,"column":12},"end":{"line":146,"column":15},"skip":true},"47":{"start":{"line":145,"column":16},"end":{"line":145,"column":70},"skip":true},"48":{"start":{"line":149,"column":8},"end":{"line":149,"column":31},"skip":true},"49":{"start":{"line":150,"column":8},"end":{"line":150,"column":14},"skip":true},"50":{"start":{"line":158,"column":8},"end":{"line":158,"column":31},"skip":true},"51":{"start":{"line":160,"column":8},"end":{"line":160,"column":33},"skip":true},"52":{"start":{"line":161,"column":8},"end":{"line":161,"column":37},"skip":true},"53":{"start":{"line":162,"column":8},"end":{"line":162,"column":35},"skip":true},"54":{"start":{"line":164,"column":8},"end":{"line":164,"column":50},"skip":true},"55":{"start":{"line":166,"column":8},"end":{"line":256,"column":2},"skip":true},"56":{"start":{"line":258,"column":8},"end":{"line":286,"column":9},"skip":true},"57":{"start":{"line":259,"column":12},"end":{"line":269,"column":14},"skip":true},"58":{"start":{"line":271,"column":12},"end":{"line":285,"column":19},"skip":true},"59":{"start":{"line":274,"column":20},"end":{"line":274,"column":35},"skip":true},"60":{"start":{"line":275,"column":20},"end":{"line":284,"column":21},"skip":true},"61":{"start":{"line":277,"column":24},"end":{"line":277,"column":64},"skip":true},"62":{"start":{"line":279,"column":24},"end":{"line":279,"column":40},"skip":true},"63":{"start":{"line":281,"column":24},"end":{"line":281,"column":40},"skip":true},"64":{"start":{"line":283,"column":24},"end":{"line":283,"column":39},"skip":true},"65":{"start":{"line":288,"column":8},"end":{"line":290,"column":9},"skip":true},"66":{"start":{"line":289,"column":12},"end":{"line":289,"column":18},"skip":true},"67":{"start":{"line":291,"column":8},"end":{"line":293,"column":54},"skip":true},"68":{"start":{"line":296,"column":8},"end":{"line":301,"column":37},"skip":true},"69":{"start":{"line":303,"column":8},"end":{"line":303,"column":82},"skip":true},"70":{"start":{"line":306,"column":8},"end":{"line":308,"column":9},"skip":true},"71":{"start":{"line":307,"column":12},"end":{"line":307,"column":82},"skip":true},"72":{"start":{"line":310,"column":8},"end":{"line":312,"column":9},"skip":true},"73":{"start":{"line":311,"column":12},"end":{"line":311,"column":18},"skip":true},"74":{"start":{"line":313,"column":8},"end":{"line":313,"column":54},"skip":true},"75":{"start":{"line":314,"column":8},"end":{"line":314,"column":69},"skip":true},"76":{"start":{"line":315,"column":8},"end":{"line":323,"column":36},"skip":true},"77":{"start":{"line":316,"column":12},"end":{"line":316,"column":61},"skip":true},"78":{"start":{"line":317,"column":12},"end":{"line":320,"column":13},"skip":true},"79":{"start":{"line":318,"column":16},"end":{"line":318,"column":75},"skip":true},"80":{"start":{"line":319,"column":16},"end":{"line":319,"column":23},"skip":true},"81":{"start":{"line":321,"column":12},"end":{"line":321,"column":38},"skip":true},"82":{"start":{"line":322,"column":12},"end":{"line":322,"column":27},"skip":true},"83":{"start":{"line":324,"column":8},"end":{"line":324,"column":14},"skip":true}},"branchMap":{"1":{"line":39,"type":"binary-expr","locations":[{"start":{"line":39,"column":23},"end":{"line":39,"column":62}},{"start":{"line":40,"column":20},"end":{"line":40,"column":70}},{"start":{"line":41,"column":20},"end":{"line":41,"column":71}},{"start":{"line":42,"column":20},"end":{"line":42,"column":29}}]},"2":{"line":44,"type":"binary-expr","locations":[{"start":{"line":44,"column":23},"end":{"line":44,"column":37}},{"start":{"line":45,"column":20},"end":{"line":45,"column":61}},{"start":{"line":46,"column":20},"end":{"line":46,"column":70}},{"start":{"line":47,"column":20},"end":{"line":47,"column":26}}]},"3":{"line":51,"type":"cond-expr","locations":[{"start":{"line":52,"column":14},"end":{"line":52,"column":20}},{"start":{"line":53,"column":14},"end":{"line":53,"column":20}}]},"4":{"line":55,"type":"binary-expr","locations":[{"start":{"line":55,"column":16},"end":{"line":55,"column":44}},{"start":{"line":55,"column":49},"end":{"line":57,"column":43}}]},"5":{"line":55,"type":"cond-expr","locations":[{"start":{"line":56,"column":14},"end":{"line":56,"column":49}},{"start":{"line":57,"column":14},"end":{"line":57,"column":43}}]},"6":{"line":61,"type":"switch","locations":[{"start":{"line":68,"column":4},"end":{"line":150,"column":14},"skip":true},{"start":{"line":156,"column":4},"end":{"line":324,"column":14},"skip":true}]},"7":{"line":70,"type":"if","locations":[{"start":{"line":70,"column":12},"end":{"line":70,"column":12},"skip":true},{"start":{"line":70,"column":12},"end":{"line":70,"column":12},"skip":true}]},"8":{"line":70,"type":"binary-expr","locations":[{"start":{"line":70,"column":16},"end":{"line":70,"column":22},"skip":true},{"start":{"line":70,"column":27},"end":{"line":70,"column":32},"skip":true},{"start":{"line":71,"column":20},"end":{"line":71,"column":39},"skip":true},{"start":{"line":72,"column":20},"end":{"line":72,"column":49},"skip":true},{"start":{"line":73,"column":20},"end":{"line":73,"column":58},"skip":true},{"start":{"line":74,"column":20},"end":{"line":74,"column":69},"skip":true}]},"9":{"line":79,"type":"switch","locations":[{"start":{"line":80,"column":20},"end":{"line":80,"column":33},"skip":true},{"start":{"line":81,"column":20},"end":{"line":83,"column":30},"skip":true},{"start":{"line":84,"column":20},"end":{"line":85,"column":49},"skip":true}]},"10":{"line":89,"type":"switch","locations":[{"start":{"line":90,"column":12},"end":{"line":103,"column":22},"skip":true},{"start":{"line":105,"column":12},"end":{"line":106,"column":22},"skip":true}]},"11":{"line":89,"type":"binary-expr","locations":[{"start":{"line":89,"column":20},"end":{"line":89,"column":25},"skip":true},{"start":{"line":89,"column":29},"end":{"line":89,"column":48},"skip":true},{"start":{"line":89,"column":52},"end":{"line":89,"column":74},"skip":true}]},"12":{"line":92,"type":"if","locations":[{"start":{"line":92,"column":16},"end":{"line":92,"column":16},"skip":true},{"start":{"line":92,"column":16},"end":{"line":92,"column":16},"skip":true}]},"13":{"line":108,"type":"if","locations":[{"start":{"line":108,"column":12},"end":{"line":108,"column":12},"skip":true},{"start":{"line":108,"column":12},"end":{"line":108,"column":12},"skip":true}]},"14":{"line":108,"type":"binary-expr","locations":[{"start":{"line":108,"column":16},"end":{"line":108,"column":61},"skip":true},{"start":{"line":108,"column":66},"end":{"line":108,"column":72},"skip":true},{"start":{"line":108,"column":77},"end":{"line":108,"column":82},"skip":true},{"start":{"line":109,"column":20},"end":{"line":109,"column":39},"skip":true},{"start":{"line":110,"column":20},"end":{"line":110,"column":49},"skip":true},{"start":{"line":111,"column":20},"end":{"line":111,"column":58},"skip":true},{"start":{"line":112,"column":20},"end":{"line":112,"column":68},"skip":true}]},"15":{"line":129,"type":"if","locations":[{"start":{"line":129,"column":16},"end":{"line":129,"column":16},"skip":true},{"start":{"line":129,"column":16},"end":{"line":129,"column":16},"skip":true}]},"16":{"line":134,"type":"cond-expr","locations":[{"start":{"line":135,"column":26},"end":{"line":135,"column":29},"skip":true},{"start":{"line":136,"column":26},"end":{"line":136,"column":54},"skip":true}]},"17":{"line":164,"type":"binary-expr","locations":[{"start":{"line":164,"column":27},"end":{"line":164,"column":43},"skip":true},{"start":{"line":164,"column":47},"end":{"line":164,"column":49},"skip":true}]},"18":{"line":258,"type":"if","locations":[{"start":{"line":258,"column":8},"end":{"line":258,"column":8},"skip":true},{"start":{"line":258,"column":8},"end":{"line":258,"column":8},"skip":true}]},"19":{"line":275,"type":"switch","locations":[{"start":{"line":276,"column":20},"end":{"line":277,"column":64},"skip":true},{"start":{"line":278,"column":20},"end":{"line":279,"column":40},"skip":true},{"start":{"line":280,"column":20},"end":{"line":281,"column":40},"skip":true},{"start":{"line":282,"column":20},"end":{"line":283,"column":39},"skip":true}]},"20":{"line":288,"type":"if","locations":[{"start":{"line":288,"column":8},"end":{"line":288,"column":8},"skip":true},{"start":{"line":288,"column":8},"end":{"line":288,"column":8},"skip":true}]},"21":{"line":288,"type":"binary-expr","locations":[{"start":{"line":288,"column":12},"end":{"line":288,"column":40},"skip":true},{"start":{"line":288,"column":44},"end":{"line":288,"column":67},"skip":true}]},"22":{"line":292,"type":"binary-expr","locations":[{"start":{"line":292,"column":12},"end":{"line":292,"column":50},"skip":true},{"start":{"line":293,"column":12},"end":{"line":293,"column":53},"skip":true}]},"23":{"line":297,"type":"binary-expr","locations":[{"start":{"line":297,"column":12},"end":{"line":297,"column":63},"skip":true},{"start":{"line":298,"column":12},"end":{"line":301,"column":36},"skip":true}]},"24":{"line":303,"type":"binary-expr","locations":[{"start":{"line":303,"column":43},"end":{"line":303,"column":75},"skip":true},{"start":{"line":303,"column":79},"end":{"line":303,"column":81},"skip":true}]},"25":{"line":306,"type":"if","locations":[{"start":{"line":306,"column":8},"end":{"line":306,"column":8},"skip":true},{"start":{"line":306,"column":8},"end":{"line":306,"column":8},"skip":true}]},"26":{"line":310,"type":"if","locations":[{"start":{"line":310,"column":8},"end":{"line":310,"column":8},"skip":true},{"start":{"line":310,"column":8},"end":{"line":310,"column":8},"skip":true}]},"27":{"line":313,"type":"binary-expr","locations":[{"start":{"line":313,"column":27},"end":{"line":313,"column":43},"skip":true},{"start":{"line":313,"column":47},"end":{"line":313,"column":53},"skip":true}]},"28":{"line":317,"type":"if","locations":[{"start":{"line":317,"column":12},"end":{"line":317,"column":12},"skip":true},{"start":{"line":317,"column":12},"end":{"line":317,"column":12},"skip":true}]}},"code":["/*","example.js","","quickstart example","","instruction","    1. save this script as example.js","    2. run the shell command:","        $ npm install npmtest-eqcss && PORT=8081 node example.js","    3. play with the browser-demo on http://127.0.0.1:8081","*/","","","","/* istanbul instrument in package npmtest_eqcss */","/*jslint","    bitwise: true,","    browser: true,","    maxerr: 8,","    maxlen: 96,","    node: true,","    nomen: true,","    regexp: true,","    stupid: true","*/","(function () {","    'use strict';","    var local;","","","","    // run shared js-env code - init-before","    (function () {","        // init local","        local = {};","        // init modeJs","        local.modeJs = (function () {","            try {","                return typeof navigator.userAgent === 'string' &&","                    typeof document.querySelector('body') === 'object' &&","                    typeof XMLHttpRequest.prototype.open === 'function' &&","                    'browser';","            } catch (errorCaughtBrowser) {","                return module.exports &&","                    typeof process.versions.node === 'string' &&","                    typeof require('http').createServer === 'function' &&","                    'node';","            }","        }());","        // init global","        local.global = local.modeJs === 'browser'","            ? window","            : global;","        // init utility2_rollup","        local = local.global.utility2_rollup || (local.modeJs === 'browser'","            ? local.global.utility2_npmtest_eqcss","            : global.utility2_moduleExports);","        // export local","        local.global.local = local;","    }());","    switch (local.modeJs) {","","","","    // init-after","    // run browser js-env code - init-after","    /* istanbul ignore next */","    case 'browser':","        local.testRunBrowser = function (event) {","            if (!event || (event &&","                    event.currentTarget &&","                    event.currentTarget.className &&","                    event.currentTarget.className.includes &&","                    event.currentTarget.className.includes('onreset'))) {","                // reset output","                Array.from(","                    document.querySelectorAll('body > .resettable')","                ).forEach(function (element) {","                    switch (element.tagName) {","                    case 'INPUT':","                    case 'TEXTAREA':","                        element.value = '';","                        break;","                    default:","                        element.textContent = '';","                    }","                });","            }","            switch (event && event.currentTarget && event.currentTarget.id) {","            case 'testRunButton1':","                // show tests","                if (document.querySelector('#testReportDiv1').style.display === 'none') {","                    document.querySelector('#testReportDiv1').style.display = 'block';","                    document.querySelector('#testRunButton1').textContent =","                        'hide internal test';","                    local.modeTest = true;","                    local.testRunDefault(local);","                // hide tests","                } else {","                    document.querySelector('#testReportDiv1').style.display = 'none';","                    document.querySelector('#testRunButton1').textContent = 'run internal test';","                }","                break;","            // custom-case","            default:","                break;","            }","            if (document.querySelector('#inputTextareaEval1') && (!event || (event &&","                    event.currentTarget &&","                    event.currentTarget.className &&","                    event.currentTarget.className.includes &&","                    event.currentTarget.className.includes('oneval')))) {","                // try to eval input-code","                try {","                    /*jslint evil: true*/","                    eval(document.querySelector('#inputTextareaEval1').value);","                } catch (errorCaught) {","                    console.error(errorCaught);","                }","            }","        };","        // log stderr and stdout to #outputTextareaStdout1","        ['error', 'log'].forEach(function (key) {","            console[key + '_original'] = console[key];","            console[key] = function () {","                var element;","                console[key + '_original'].apply(console, arguments);","                element = document.querySelector('#outputTextareaStdout1');","                if (!element) {","                    return;","                }","                // append text to #outputTextareaStdout1","                element.value += Array.from(arguments).map(function (arg) {","                    return typeof arg === 'string'","                        ? arg","                        : JSON.stringify(arg, null, 4);","                }).join(' ') + '\\n';","                // scroll textarea to bottom","                element.scrollTop = element.scrollHeight;","            };","        });","        // init event-handling","        ['change', 'click', 'keyup'].forEach(function (event) {","            Array.from(document.querySelectorAll('.on' + event)).forEach(function (element) {","                element.addEventListener(event, local.testRunBrowser);","            });","        });","        // run tests","        local.testRunBrowser();","        break;","","","","    // run node js-env code - init-after","    /* istanbul ignore next */","    case 'node':","        // export local","        module.exports = local;","        // require modules","        local.fs = require('fs');","        local.http = require('http');","        local.url = require('url');","        // init assets","        local.assetsDict = local.assetsDict || {};","        /* jslint-ignore-begin */","        local.assetsDict['/assets.index.template.html'] = '\\","<!doctype html>\\n\\","<html lang=\"en\">\\n\\","<head>\\n\\","<meta charset=\"UTF-8\">\\n\\","<meta name=\"viewport\" content=\"width=device-width, initial-scale=1\">\\n\\","<title>{{env.npm_package_name}} (v{{env.npm_package_version}})</title>\\n\\","<style>\\n\\","/*csslint\\n\\","    box-sizing: false,\\n\\","    universal-selector: false\\n\\","*/\\n\\","* {\\n\\","    box-sizing: border-box;\\n\\","}\\n\\","body {\\n\\","    background: #dde;\\n\\","    font-family: Arial, Helvetica, sans-serif;\\n\\","    margin: 2rem;\\n\\","}\\n\\","body > * {\\n\\","    margin-bottom: 1rem;\\n\\","}\\n\\",".utility2FooterDiv {\\n\\","    margin-top: 20px;\\n\\","    text-align: center;\\n\\","}\\n\\","</style>\\n\\","<style>\\n\\","/*csslint\\n\\","*/\\n\\","textarea {\\n\\","    font-family: monospace;\\n\\","    height: 10rem;\\n\\","    width: 100%;\\n\\","}\\n\\","textarea[readonly] {\\n\\","    background: #ddd;\\n\\","}\\n\\","</style>\\n\\","</head>\\n\\","<body>\\n\\","<!-- utility2-comment\\n\\","<div id=\"ajaxProgressDiv1\" style=\"background: #d00; height: 2px; left: 0; margin: 0; padding: 0; position: fixed; top: 0; transition: background 0.5s, width 1.5s; width: 25%;\"></div>\\n\\","utility2-comment -->\\n\\","<h1>\\n\\","<!-- utility2-comment\\n\\","    <a\\n\\","        {{#if env.npm_package_homepage}}\\n\\","        href=\"{{env.npm_package_homepage}}\"\\n\\","        {{/if env.npm_package_homepage}}\\n\\","        target=\"_blank\"\\n\\","    >\\n\\","utility2-comment -->\\n\\","        {{env.npm_package_name}} (v{{env.npm_package_version}})\\n\\","<!-- utility2-comment\\n\\","    </a>\\n\\","utility2-comment -->\\n\\","</h1>\\n\\","<h3>{{env.npm_package_description}}</h3>\\n\\","<!-- utility2-comment\\n\\","<h4><a download href=\"assets.app.js\">download standalone app</a></h4>\\n\\","<button class=\"onclick onreset\" id=\"testRunButton1\">run internal test</button><br>\\n\\","<div id=\"testReportDiv1\" style=\"display: none;\"></div>\\n\\","utility2-comment -->\\n\\","\\n\\","\\n\\","\\n\\","<label>stderr and stdout</label>\\n\\","<textarea class=\"resettable\" id=\"outputTextareaStdout1\" readonly></textarea>\\n\\","<!-- utility2-comment\\n\\","{{#if isRollup}}\\n\\","<script src=\"assets.app.js\"></script>\\n\\","{{#unless isRollup}}\\n\\","utility2-comment -->\\n\\","<script src=\"assets.utility2.rollup.js\"></script>\\n\\","<script src=\"jsonp.utility2._stateInit?callback=window.utility2._stateInit\"></script>\\n\\","<script src=\"assets.npmtest_eqcss.rollup.js\"></script>\\n\\","<script src=\"assets.example.js\"></script>\\n\\","<script src=\"assets.test.js\"></script>\\n\\","<!-- utility2-comment\\n\\","{{/if isRollup}}\\n\\","utility2-comment -->\\n\\","<div class=\"utility2FooterDiv\">\\n\\","    [ this app was created with\\n\\","    <a href=\"https://github.com/kaizhu256/node-utility2\" target=\"_blank\">utility2</a>\\n\\","    ]\\n\\","</div>\\n\\","</body>\\n\\","</html>\\n\\","';","        /* jslint-ignore-end */","        if (local.templateRender) {","            local.assetsDict['/'] = local.templateRender(","                local.assetsDict['/assets.index.template.html'],","                {","                    env: local.objectSetDefault(local.env, {","                        npm_package_description: 'the greatest app in the world!',","                        npm_package_name: 'my-app',","                        npm_package_nameAlias: 'my_app',","                        npm_package_version: '0.0.1'","                    })","                }","            );","        } else {","            local.assetsDict['/'] = local.assetsDict['/assets.index.template.html']","                .replace((/\\{\\{env\\.(\\w+?)\\}\\}/g), function (match0, match1) {","                    // jslint-hack","                    String(match0);","                    switch (match1) {","                    case 'npm_package_description':","                        return 'the greatest app in the world!';","                    case 'npm_package_name':","                        return 'my-app';","                    case 'npm_package_nameAlias':","                        return 'my_app';","                    case 'npm_package_version':","                        return '0.0.1';","                    }","                });","        }","        // run the cli","        if (local.global.utility2_rollup || module !== require.main) {","            break;","        }","        local.assetsDict['/assets.example.js'] =","            local.assetsDict['/assets.example.js'] ||","            local.fs.readFileSync(__filename, 'utf8');","        // bug-workaround - long $npm_package_buildCustomOrg","        /* jslint-ignore-begin */","        local.assetsDict['/assets.npmtest_eqcss.rollup.js'] =","            local.assetsDict['/assets.npmtest_eqcss.rollup.js'] ||","            local.fs.readFileSync(","                local.npmtest_eqcss.__dirname + '/lib.npmtest_eqcss.js',","                'utf8'","            ).replace((/^#!/), '//');","        /* jslint-ignore-end */","        local.assetsDict['/favicon.ico'] = local.assetsDict['/favicon.ico'] || '';","        // if $npm_config_timeout_exit exists,","        // then exit this process after $npm_config_timeout_exit ms","        if (Number(process.env.npm_config_timeout_exit)) {","            setTimeout(process.exit, Number(process.env.npm_config_timeout_exit));","        }","        // start server","        if (local.global.utility2_serverHttp1) {","            break;","        }","        process.env.PORT = process.env.PORT || '8081';","        console.error('server starting on port ' + process.env.PORT);","        local.http.createServer(function (request, response) {","            request.urlParsed = local.url.parse(request.url);","            if (local.assetsDict[request.urlParsed.pathname] !== undefined) {","                response.end(local.assetsDict[request.urlParsed.pathname]);","                return;","            }","            response.statusCode = 404;","            response.end();","        }).listen(process.env.PORT);","        break;","    }","}());",""],"l":{"26":2,"28":2,"33":2,"35":2,"37":2,"38":2,"39":2,"44":1,"51":2,"55":2,"59":2,"61":2,"69":1,"70":2,"76":2,"79":2,"82":2,"83":2,"85":1,"89":2,"92":1,"93":1,"94":1,"96":1,"97":1,"100":1,"101":1,"103":1,"106":1,"108":2,"114":1,"116":1,"118":1,"123":1,"124":2,"125":2,"126":3,"127":3,"128":3,"129":3,"130":1,"133":3,"134":3,"139":3,"143":1,"144":3,"145":1,"149":1,"150":1,"158":1,"160":1,"161":1,"162":1,"164":1,"166":1,"258":1,"259":1,"271":1,"274":6,"275":6,"277":1,"279":2,"281":1,"283":2,"288":1,"289":1,"291":1,"296":1,"303":1,"306":1,"307":1,"310":1,"311":1,"313":1,"314":1,"315":1,"316":1,"317":1,"318":1,"319":1,"321":1,"322":1,"324":1}},"/home/travis/build/npmtest/node-npmtest-eqcss/node_modules/eqcss/EQCSS.js":{"path":"/home/travis/build/npmtest/node-npmtest-eqcss/node_modules/eqcss/EQCSS.js","s":{"1":2,"2":2,"3":0,"4":2,"5":2,"6":0,"7":2,"8":2,"9":0,"10":0,"11":0,"12":0,"13":0,"14":0,"15":0,"16":0,"17":0,"18":0,"19":0,"20":0,"21":0,"22":0,"23":0,"24":0,"25":0,"26":0,"27":0,"28":0,"29":0,"30":0,"31":0,"32":0,"33":0,"34":0,"35":0,"36":0,"37":0,"38":0,"39":0,"40":0,"41":2,"42":0,"43":0,"44":0,"45":0,"46":0,"47":0,"48":0,"49":0,"50":0,"51":0,"52":0,"53":0,"54":0,"55":0,"56":0,"57":0,"58":0,"59":0,"60":0,"61":0,"62":0,"63":2,"64":0,"65":0,"66":0,"67":0,"68":0,"69":0,"70":0,"71":0,"72":0,"73":0,"74":0,"75":0,"76":0,"77":0,"78":0,"79":0,"80":0,"81":0,"82":0,"83":0,"84":0,"85":0,"86":0,"87":0,"88":0,"89":0,"90":0,"91":0,"92":0,"93":0,"94":0,"95":0,"96":0,"97":0,"98":0,"99":0,"100":0,"101":0,"102":0,"103":0,"104":0,"105":0,"106":0,"107":0,"108":0,"109":0,"110":0,"111":0,"112":0,"113":0,"114":0,"115":0,"116":0,"117":0,"118":0,"119":0,"120":0,"121":0,"122":0,"123":0,"124":0,"125":0,"126":0,"127":0,"128":0,"129":0,"130":0,"131":0,"132":0,"133":0,"134":0,"135":0,"136":0,"137":0,"138":0,"139":0,"140":0,"141":0,"142":0,"143":0,"144":0,"145":0,"146":0,"147":0,"148":0,"149":0,"150":0,"151":0,"152":0,"153":0,"154":0,"155":0,"156":0,"157":0,"158":0,"159":0,"160":0,"161":0,"162":0,"163":0,"164":0,"165":0,"166":0,"167":0,"168":0,"169":0,"170":0,"171":0,"172":0,"173":0,"174":0,"175":0,"176":0,"177":0,"178":0,"179":0,"180":0,"181":0,"182":0,"183":0,"184":0,"185":0,"186":0,"187":0,"188":0,"189":0,"190":0,"191":0,"192":0,"193":0,"194":0,"195":0,"196":0,"197":0,"198":0,"199":0,"200":0,"201":0,"202":0,"203":0,"204":0,"205":0,"206":0,"207":0,"208":0,"209":0,"210":0,"211":0,"212":0,"213":0,"214":0,"215":0,"216":0,"217":0,"218":0,"219":0,"220":0,"221":0,"222":0,"223":0,"224":0,"225":0,"226":0,"227":0,"228":0,"229":0,"230":0,"231":0,"232":0,"233":0,"234":0,"235":0,"236":0,"237":0,"238":0,"239":0,"240":0,"241":0,"242":0,"243":0,"244":0,"245":0,"246":0,"247":0,"248":0,"249":0,"250":0,"251":0,"252":0,"253":0,"254":0,"255":0,"256":0,"257":0,"258":0,"259":0,"260":0,"261":0,"262":0,"263":0,"264":0,"265":0,"266":0,"267":0,"268":0,"269":0,"270":0,"271":0,"272":0,"273":0,"274":0,"275":0,"276":0,"277":0,"278":0,"279":0,"280":0,"281":0,"282":0,"283":0,"284":0,"285":0,"286":0,"287":0,"288":0,"289":0,"290":0,"291":0,"292":0,"293":0,"294":0,"295":0,"296":0,"297":0,"298":0,"299":0,"300":0,"301":0,"302":0,"303":0,"304":0,"305":0,"306":0,"307":0,"308":0,"309":0,"310":0,"311":0,"312":0,"313":0,"314":0,"315":0,"316":0,"317":0,"318":0,"319":0,"320":0,"321":0,"322":0,"323":0,"324":0,"325":0,"326":0,"327":0,"328":0,"329":0,"330":0,"331":0,"332":0,"333":0,"334":0,"335":0,"336":0,"337":0,"338":0,"339":0,"340":0,"341":0,"342":0,"343":0,"344":0,"345":0,"346":0,"347":0,"348":0,"349":0,"350":0,"351":0,"352":0,"353":0,"354":0,"355":0,"356":0,"357":0,"358":0,"359":0,"360":0,"361":0,"362":0,"363":0,"364":0,"365":0,"366":0,"367":2,"368":0,"369":0,"370":0,"371":0,"372":0,"373":0,"374":0,"375":2,"376":0,"377":0,"378":0,"379":0,"380":0,"381":0,"382":0,"383":0,"384":0,"385":2,"386":2,"387":2,"388":2,"389":0,"390":0,"391":0,"392":0,"393":0,"394":0,"395":0,"396":0,"397":0,"398":0,"399":0,"400":0,"401":0,"402":0,"403":0,"404":0,"405":0,"406":0,"407":0,"408":0,"409":0,"410":0,"411":0,"412":0,"413":0,"414":0,"415":2,"416":2,"417":2,"418":2,"419":2,"420":0,"421":0,"422":0,"423":0,"424":0,"425":0,"426":0,"427":0,"428":0,"429":2,"430":0,"431":0,"432":0,"433":0,"434":0,"435":0,"436":0,"437":0,"438":0,"439":0,"440":0,"441":0,"442":0,"443":0,"444":1,"445":0,"446":0},"b":{"1":[0,2],"2":[2,0],"3":[2,0],"4":[2,2],"5":[0,0],"6":[0,0],"7":[0,0],"8":[0,0],"9":[0,0],"10":[0,0],"11":[0,0],"12":[0,0],"13":[0,0],"14":[0,0],"15":[0,0],"16":[0,0],"17":[0,0],"18":[0,0],"19":[0,0],"20":[0,0],"21":[0,0],"22":[0,0],"23":[0,0,0],"24":[0,0],"25":[0,0],"26":[0,0,0,0,0,0,0,0,0,0,0,0,0,0,0,0,0],"27":[0,0],"28":[0,0],"29":[0,0],"30":[0,0],"31":[0,0],"32":[0,0],"33":[0,0],"34":[0,0],"35":[0,0],"36":[0,0],"37":[0,0],"38":[0,0],"39":[0,0],"40":[0,0],"41":[0,0],"42":[0,0],"43":[0,0],"44":[0,0],"45":[0,0],"46":[0,0],"47":[0,0],"48":[0,0],"49":[0,0],"50":[0,0],"51":[0,0],"52":[0,0],"53":[0,0],"54":[0,0],"55":[0,0],"56":[0,0],"57":[0,0],"58":[0,0],"59":[0,0],"60":[0,0],"61":[0,0],"62":[0,0],"63":[0,0],"64":[0,0],"65":[0,0],"66":[0,0],"67":[0,0],"68":[0,0],"69":[0,0],"70":[0,0],"71":[0,0],"72":[0,0],"73":[0,0],"74":[0,0],"75":[0,0],"76":[0,0],"77":[0,0],"78":[0,0],"79":[0,0],"80":[0,0],"81":[0,0],"82":[0,0],"83":[0,0],"84":[0,0],"85":[0,0],"86":[0,0],"87":[0,0],"88":[0,0],"89":[0,0],"90":[0,0],"91":[0,0],"92":[0,0],"93":[0,0],"94":[0,0],"95":[0,0],"96":[0,0],"97":[0,0],"98":[0,0],"99":[0,0],"100":[0,0],"101":[0,0],"102":[0,0],"103":[0,0],"104":[0,0],"105":[0,0],"106":[0,0,0,0],"107":[0,0],"108":[0,0],"109":[0,0],"110":[0,0],"111":[0,0],"112":[0,0],"113":[0,0],"114":[0,0],"115":[0,0],"116":[0,0],"117":[0,0],"118":[0,0],"119":[0,0],"120":[0,0],"121":[0,0],"122":[0,0],"123":[0,0],"124":[0,0]},"f":{"1":2,"2":2,"3":0,"4":0,"5":0,"6":0,"7":0,"8":0,"9":0,"10":0,"11":0,"12":0,"13":0,"14":0,"15":0,"16":0,"17":0,"18":0,"19":0,"20":0,"21":0,"22":0,"23":0,"24":0,"25":0,"26":2,"27":0,"28":0,"29":0,"30":0,"31":0,"32":0,"33":0,"34":0,"35":0},"fnMap":{"1":{"name":"(anonymous_1)","line":20,"loc":{"start":{"line":20,"column":1},"end":{"line":20,"column":26}}},"2":{"name":"(anonymous_2)","line":41,"loc":{"start":{"line":41,"column":8},"end":{"line":41,"column":19}}},"3":{"name":"(anonymous_3)","line":55,"loc":{"start":{"line":55,"column":17},"end":{"line":55,"column":28}}},"4":{"name":"(anonymous_4)","line":88,"loc":{"start":{"line":88,"column":13},"end":{"line":88,"column":24}}},"5":{"name":"(anonymous_5)","line":94,"loc":{"start":{"line":94,"column":27},"end":{"line":94,"column":38}}},"6":{"name":"(anonymous_6)","line":132,"loc":{"start":{"line":132,"column":13},"end":{"line":132,"column":24}}},"7":{"name":"(anonymous_7)","line":138,"loc":{"start":{"line":138,"column":27},"end":{"line":138,"column":38}}},"8":{"name":"(anonymous_8)","line":165,"loc":{"start":{"line":165,"column":18},"end":{"line":165,"column":33}}},"9":{"name":"(anonymous_9)","line":176,"loc":{"start":{"line":176,"column":48},"end":{"line":176,"column":72}}},"10":{"name":"(anonymous_10)","line":182,"loc":{"start":{"line":182,"column":72},"end":{"line":182,"column":114}}},"11":{"name":"(anonymous_11)","line":194,"loc":{"start":{"line":194,"column":59},"end":{"line":194,"column":92}}},"12":{"name":"(anonymous_12)","line":212,"loc":{"start":{"line":212,"column":33},"end":{"line":212,"column":57}}},"13":{"name":"(anonymous_13)","line":232,"loc":{"start":{"line":232,"column":18},"end":{"line":232,"column":29}}},"14":{"name":"(anonymous_14)","line":554,"loc":{"start":{"line":554,"column":54},"end":{"line":554,"column":65}}},"15":{"name":"(anonymous_15)","line":563,"loc":{"start":{"line":563,"column":55},"end":{"line":563,"column":66}}},"16":{"name":"(anonymous_16)","line":623,"loc":{"start":{"line":623,"column":54},"end":{"line":623,"column":65}}},"17":{"name":"(anonymous_17)","line":632,"loc":{"start":{"line":632,"column":55},"end":{"line":632,"column":66}}},"18":{"name":"(anonymous_18)","line":692,"loc":{"start":{"line":692,"column":54},"end":{"line":692,"column":65}}},"19":{"name":"(anonymous_19)","line":701,"loc":{"start":{"line":701,"column":55},"end":{"line":701,"column":66}}},"20":{"name":"(anonymous_20)","line":761,"loc":{"start":{"line":761,"column":54},"end":{"line":761,"column":65}}},"21":{"name":"(anonymous_21)","line":770,"loc":{"start":{"line":770,"column":55},"end":{"line":770,"column":66}}},"22":{"name":"(anonymous_22)","line":1028,"loc":{"start":{"line":1028,"column":14},"end":{"line":1028,"column":38}}},"23":{"name":"(anonymous_23)","line":1051,"loc":{"start":{"line":1051,"column":81},"end":{"line":1051,"column":105}}},"24":{"name":"(anonymous_24)","line":1134,"loc":{"start":{"line":1134,"column":24},"end":{"line":1134,"column":50}}},"25":{"name":"(anonymous_25)","line":1162,"loc":{"start":{"line":1162,"column":18},"end":{"line":1162,"column":29}}},"26":{"name":"(anonymous_26)","line":1209,"loc":{"start":{"line":1209,"column":21},"end":{"line":1209,"column":34}}},"27":{"name":"(anonymous_27)","line":1219,"loc":{"start":{"line":1219,"column":17},"end":{"line":1219,"column":29}}},"28":{"name":"(anonymous_28)","line":1228,"loc":{"start":{"line":1228,"column":13},"end":{"line":1228,"column":24}}},"29":{"name":"(anonymous_29)","line":1284,"loc":{"start":{"line":1284,"column":21},"end":{"line":1284,"column":32}}},"30":{"name":"(anonymous_30)","line":1291,"loc":{"start":{"line":1291,"column":19},"end":{"line":1291,"column":30}}},"31":{"name":"(anonymous_31)","line":1313,"loc":{"start":{"line":1313,"column":19},"end":{"line":1313,"column":30}}},"32":{"name":"(anonymous_32)","line":1325,"loc":{"start":{"line":1325,"column":41},"end":{"line":1325,"column":53}}},"33":{"name":"(anonymous_33)","line":1336,"loc":{"start":{"line":1336,"column":41},"end":{"line":1336,"column":52}}},"34":{"name":"(anonymous_34)","line":1346,"loc":{"start":{"line":1346,"column":39},"end":{"line":1346,"column":50}}},"35":{"name":"l","line":1358,"loc":{"start":{"line":1358,"column":4},"end":{"line":1358,"column":18}}}},"statementMap":{"1":{"start":{"line":20,"column":0},"end":{"line":1362,"column":4}},"2":{"start":{"line":22,"column":2},"end":{"line":39,"column":3}},"3":{"start":{"line":25,"column":4},"end":{"line":25,"column":24}},"4":{"start":{"line":27,"column":9},"end":{"line":39,"column":3}},"5":{"start":{"line":32,"column":4},"end":{"line":32,"column":31}},"6":{"start":{"line":37,"column":4},"end":{"line":37,"column":27}},"7":{"start":{"line":43,"column":4},"end":{"line":45,"column":5}},"8":{"start":{"line":55,"column":4},"end":{"line":156,"column":5}},"9":{"start":{"line":58,"column":6},"end":{"line":58,"column":58}},"10":{"start":{"line":60,"column":6},"end":{"line":74,"column":7}},"11":{"start":{"line":63,"column":8},"end":{"line":72,"column":9}},"12":{"start":{"line":66,"column":10},"end":{"line":66,"column":60}},"13":{"start":{"line":69,"column":10},"end":{"line":69,"column":43}},"14":{"start":{"line":70,"column":10},"end":{"line":70,"column":24}},"15":{"start":{"line":77,"column":6},"end":{"line":77,"column":59}},"16":{"start":{"line":79,"column":6},"end":{"line":119,"column":7}},"17":{"start":{"line":82,"column":8},"end":{"line":117,"column":9}},"18":{"start":{"line":85,"column":10},"end":{"line":112,"column":11}},"19":{"start":{"line":88,"column":12},"end":{"line":101,"column":17}},"20":{"start":{"line":90,"column":14},"end":{"line":90,"column":43}},"21":{"start":{"line":92,"column":14},"end":{"line":92,"column":51}},"22":{"start":{"line":93,"column":14},"end":{"line":93,"column":29}},"23":{"start":{"line":94,"column":14},"end":{"line":99,"column":15}},"24":{"start":{"line":96,"column":16},"end":{"line":96,"column":46}},"25":{"start":{"line":97,"column":16},"end":{"line":97,"column":30}},"26":{"start":{"line":109,"column":12},"end":{"line":109,"column":45}},"27":{"start":{"line":110,"column":12},"end":{"line":110,"column":26}},"28":{"start":{"line":115,"column":10},"end":{"line":115,"column":60}},"29":{"start":{"line":122,"column":6},"end":{"line":122,"column":55}},"30":{"start":{"line":124,"column":6},"end":{"line":154,"column":7}},"31":{"start":{"line":127,"column":8},"end":{"line":152,"column":9}},"32":{"start":{"line":130,"column":10},"end":{"line":147,"column":11}},"33":{"start":{"line":132,"column":12},"end":{"line":145,"column":17}},"34":{"start":{"line":134,"column":14},"end":{"line":134,"column":43}},"35":{"start":{"line":136,"column":14},"end":{"line":136,"column":50}},"36":{"start":{"line":137,"column":14},"end":{"line":137,"column":29}},"37":{"start":{"line":138,"column":14},"end":{"line":143,"column":15}},"38":{"start":{"line":140,"column":16},"end":{"line":140,"column":46}},"39":{"start":{"line":141,"column":16},"end":{"line":141,"column":30}},"40":{"start":{"line":150,"column":10},"end":{"line":150,"column":58}},"41":{"start":{"line":165,"column":4},"end":{"line":223,"column":5}},"42":{"start":{"line":168,"column":6},"end":{"line":168,"column":39}},"43":{"start":{"line":169,"column":6},"end":{"line":169,"column":51}},"44":{"start":{"line":170,"column":6},"end":{"line":170,"column":53}},"45":{"start":{"line":171,"column":6},"end":{"line":171,"column":81}},"46":{"start":{"line":176,"column":6},"end":{"line":221,"column":9}},"47":{"start":{"line":179,"column":8},"end":{"line":179,"column":27}},"48":{"start":{"line":182,"column":8},"end":{"line":190,"column":10}},"49":{"start":{"line":185,"column":10},"end":{"line":185,"column":62}},"50":{"start":{"line":186,"column":10},"end":{"line":186,"column":62}},"51":{"start":{"line":188,"column":10},"end":{"line":188,"column":40}},"52":{"start":{"line":193,"column":8},"end":{"line":193,"column":34}},"53":{"start":{"line":194,"column":8},"end":{"line":209,"column":11}},"54":{"start":{"line":197,"column":10},"end":{"line":197,"column":26}},"55":{"start":{"line":198,"column":10},"end":{"line":198,"column":59}},"56":{"start":{"line":200,"column":10},"end":{"line":204,"column":11}},"57":{"start":{"line":202,"column":12},"end":{"line":202,"column":24}},"58":{"start":{"line":206,"column":10},"end":{"line":206,"column":58}},"59":{"start":{"line":207,"column":10},"end":{"line":207,"column":82}},"60":{"start":{"line":212,"column":8},"end":{"line":216,"column":11}},"61":{"start":{"line":214,"column":10},"end":{"line":214,"column":34}},"62":{"start":{"line":219,"column":8},"end":{"line":219,"column":35}},"63":{"start":{"line":232,"column":4},"end":{"line":1126,"column":5}},"64":{"start":{"line":234,"column":6},"end":{"line":234,"column":18}},"65":{"start":{"line":235,"column":6},"end":{"line":235,"column":19}},"66":{"start":{"line":236,"column":6},"end":{"line":236,"column":23}},"67":{"start":{"line":237,"column":6},"end":{"line":237,"column":20}},"68":{"start":{"line":238,"column":6},"end":{"line":238,"column":30}},"69":{"start":{"line":239,"column":6},"end":{"line":239,"column":28}},"70":{"start":{"line":240,"column":6},"end":{"line":240,"column":28}},"71":{"start":{"line":241,"column":6},"end":{"line":241,"column":19}},"72":{"start":{"line":242,"column":6},"end":{"line":242,"column":38}},"73":{"start":{"line":243,"column":6},"end":{"line":243,"column":40}},"74":{"start":{"line":244,"column":6},"end":{"line":244,"column":30}},"75":{"start":{"line":245,"column":6},"end":{"line":245,"column":15}},"76":{"start":{"line":246,"column":6},"end":{"line":246,"column":25}},"77":{"start":{"line":247,"column":6},"end":{"line":247,"column":32}},"78":{"start":{"line":250,"column":6},"end":{"line":1124,"column":7}},"79":{"start":{"line":253,"column":8},"end":{"line":253,"column":69}},"80":{"start":{"line":256,"column":8},"end":{"line":1122,"column":9}},"81":{"start":{"line":260,"column":10},"end":{"line":260,"column":53}},"82":{"start":{"line":263,"column":10},"end":{"line":263,"column":53}},"83":{"start":{"line":267,"column":10},"end":{"line":267,"column":72}},"84":{"start":{"line":270,"column":10},"end":{"line":274,"column":11}},"85":{"start":{"line":272,"column":12},"end":{"line":272,"column":73}},"86":{"start":{"line":278,"column":10},"end":{"line":278,"column":68}},"87":{"start":{"line":281,"column":10},"end":{"line":285,"column":11}},"88":{"start":{"line":283,"column":12},"end":{"line":283,"column":83}},"89":{"start":{"line":289,"column":10},"end":{"line":289,"column":68}},"90":{"start":{"line":292,"column":10},"end":{"line":296,"column":11}},"91":{"start":{"line":294,"column":12},"end":{"line":294,"column":79}},"92":{"start":{"line":299,"column":10},"end":{"line":299,"column":65}},"93":{"start":{"line":301,"column":10},"end":{"line":308,"column":11}},"94":{"start":{"line":303,"column":12},"end":{"line":303,"column":56}},"95":{"start":{"line":304,"column":12},"end":{"line":304,"column":40}},"96":{"start":{"line":305,"column":12},"end":{"line":305,"column":62}},"97":{"start":{"line":306,"column":12},"end":{"line":306,"column":66}},"98":{"start":{"line":310,"column":10},"end":{"line":310,"column":65}},"99":{"start":{"line":313,"column":10},"end":{"line":313,"column":22}},"100":{"start":{"line":316,"column":10},"end":{"line":1016,"column":11}},"101":{"start":{"line":316,"column":27},"end":{"line":1016,"column":11}},"102":{"start":{"line":319,"column":12},"end":{"line":319,"column":72}},"103":{"start":{"line":321,"column":12},"end":{"line":321,"column":41}},"104":{"start":{"line":323,"column":12},"end":{"line":327,"column":13}},"105":{"start":{"line":325,"column":14},"end":{"line":325,"column":92}},"106":{"start":{"line":331,"column":12},"end":{"line":331,"column":35}},"107":{"start":{"line":334,"column":12},"end":{"line":399,"column":13}},"108":{"start":{"line":336,"column":14},"end":{"line":336,"column":32}},"109":{"start":{"line":338,"column":14},"end":{"line":338,"column":70}},"110":{"start":{"line":339,"column":14},"end":{"line":339,"column":93}},"111":{"start":{"line":344,"column":17},"end":{"line":399,"column":13}},"112":{"start":{"line":346,"column":14},"end":{"line":346,"column":32}},"113":{"start":{"line":348,"column":14},"end":{"line":348,"column":70}},"114":{"start":{"line":349,"column":14},"end":{"line":349,"column":94}},"115":{"start":{"line":354,"column":17},"end":{"line":399,"column":13}},"116":{"start":{"line":356,"column":14},"end":{"line":356,"column":32}},"117":{"start":{"line":358,"column":14},"end":{"line":358,"column":70}},"118":{"start":{"line":359,"column":14},"end":{"line":359,"column":123}},"119":{"start":{"line":364,"column":17},"end":{"line":399,"column":13}},"120":{"start":{"line":366,"column":14},"end":{"line":366,"column":32}},"121":{"start":{"line":368,"column":14},"end":{"line":368,"column":70}},"122":{"start":{"line":369,"column":14},"end":{"line":369,"column":123}},"123":{"start":{"line":374,"column":17},"end":{"line":399,"column":13}},"124":{"start":{"line":380,"column":14},"end":{"line":380,"column":54}},"125":{"start":{"line":382,"column":14},"end":{"line":382,"column":46}},"126":{"start":{"line":383,"column":14},"end":{"line":383,"column":49}},"127":{"start":{"line":384,"column":14},"end":{"line":384,"column":101}},"128":{"start":{"line":386,"column":14},"end":{"line":386,"column":41}},"129":{"start":{"line":388,"column":14},"end":{"line":392,"column":15}},"130":{"start":{"line":390,"column":16},"end":{"line":390,"column":50}},"131":{"start":{"line":394,"column":14},"end":{"line":394,"column":40}},"132":{"start":{"line":395,"column":14},"end":{"line":395,"column":121}},"133":{"start":{"line":396,"column":14},"end":{"line":396,"column":54}},"134":{"start":{"line":397,"column":14},"end":{"line":397,"column":40}},"135":{"start":{"line":402,"column":12},"end":{"line":402,"column":134}},"136":{"start":{"line":406,"column":12},"end":{"line":1015,"column":13}},"137":{"start":{"line":412,"column":16},"end":{"line":423,"column":17}},"138":{"start":{"line":414,"column":18},"end":{"line":414,"column":85}},"139":{"start":{"line":416,"column":18},"end":{"line":421,"column":19}},"140":{"start":{"line":418,"column":20},"end":{"line":418,"column":33}},"141":{"start":{"line":419,"column":20},"end":{"line":419,"column":42}},"142":{"start":{"line":426,"column":16},"end":{"line":438,"column":17}},"143":{"start":{"line":428,"column":18},"end":{"line":428,"column":85}},"144":{"start":{"line":429,"column":18},"end":{"line":429,"column":91}},"145":{"start":{"line":431,"column":18},"end":{"line":436,"column":19}},"146":{"start":{"line":433,"column":20},"end":{"line":433,"column":33}},"147":{"start":{"line":434,"column":20},"end":{"line":434,"column":42}},"148":{"start":{"line":440,"column":14},"end":{"line":440,"column":20}},"149":{"start":{"line":446,"column":16},"end":{"line":457,"column":17}},"150":{"start":{"line":448,"column":18},"end":{"line":448,"column":85}},"151":{"start":{"line":450,"column":18},"end":{"line":455,"column":19}},"152":{"start":{"line":452,"column":20},"end":{"line":452,"column":33}},"153":{"start":{"line":453,"column":20},"end":{"line":453,"column":42}},"154":{"start":{"line":460,"column":16},"end":{"line":472,"column":17}},"155":{"start":{"line":462,"column":18},"end":{"line":462,"column":85}},"156":{"start":{"line":463,"column":18},"end":{"line":463,"column":91}},"157":{"start":{"line":465,"column":18},"end":{"line":470,"column":19}},"158":{"start":{"line":467,"column":20},"end":{"line":467,"column":33}},"159":{"start":{"line":468,"column":20},"end":{"line":468,"column":42}},"160":{"start":{"line":474,"column":14},"end":{"line":474,"column":20}},"161":{"start":{"line":480,"column":16},"end":{"line":491,"column":17}},"162":{"start":{"line":482,"column":18},"end":{"line":482,"column":87}},"163":{"start":{"line":484,"column":18},"end":{"line":489,"column":19}},"164":{"start":{"line":486,"column":20},"end":{"line":486,"column":33}},"165":{"start":{"line":487,"column":20},"end":{"line":487,"column":42}},"166":{"start":{"line":494,"column":16},"end":{"line":506,"column":17}},"167":{"start":{"line":496,"column":18},"end":{"line":496,"column":87}},"168":{"start":{"line":497,"column":18},"end":{"line":497,"column":93}},"169":{"start":{"line":499,"column":18},"end":{"line":504,"column":19}},"170":{"start":{"line":501,"column":20},"end":{"line":501,"column":33}},"171":{"start":{"line":502,"column":20},"end":{"line":502,"column":42}},"172":{"start":{"line":508,"column":14},"end":{"line":508,"column":20}},"173":{"start":{"line":514,"column":16},"end":{"line":525,"column":17}},"174":{"start":{"line":516,"column":18},"end":{"line":516,"column":87}},"175":{"start":{"line":518,"column":18},"end":{"line":523,"column":19}},"176":{"start":{"line":520,"column":20},"end":{"line":520,"column":33}},"177":{"start":{"line":521,"column":20},"end":{"line":521,"column":42}},"178":{"start":{"line":528,"column":16},"end":{"line":540,"column":17}},"179":{"start":{"line":530,"column":18},"end":{"line":530,"column":87}},"180":{"start":{"line":531,"column":18},"end":{"line":531,"column":93}},"181":{"start":{"line":533,"column":18},"end":{"line":538,"column":19}},"182":{"start":{"line":535,"column":20},"end":{"line":535,"column":33}},"183":{"start":{"line":536,"column":20},"end":{"line":536,"column":42}},"184":{"start":{"line":542,"column":14},"end":{"line":542,"column":20}},"185":{"start":{"line":547,"column":16},"end":{"line":547,"column":42}},"186":{"start":{"line":548,"column":16},"end":{"line":548,"column":56}},"187":{"start":{"line":550,"column":16},"end":{"line":572,"column":17}},"188":{"start":{"line":552,"column":18},"end":{"line":570,"column":19}},"189":{"start":{"line":554,"column":20},"end":{"line":559,"column":22}},"190":{"start":{"line":556,"column":22},"end":{"line":556,"column":39}},"191":{"start":{"line":557,"column":22},"end":{"line":557,"column":55}},"192":{"start":{"line":563,"column":20},"end":{"line":568,"column":22}},"193":{"start":{"line":565,"column":22},"end":{"line":565,"column":39}},"194":{"start":{"line":566,"column":22},"end":{"line":566,"column":55}},"195":{"start":{"line":575,"column":16},"end":{"line":609,"column":17}},"196":{"start":{"line":577,"column":18},"end":{"line":582,"column":19}},"197":{"start":{"line":579,"column":20},"end":{"line":579,"column":33}},"198":{"start":{"line":580,"column":20},"end":{"line":580,"column":42}},"199":{"start":{"line":587,"column":21},"end":{"line":609,"column":17}},"200":{"start":{"line":589,"column":18},"end":{"line":589,"column":68}},"201":{"start":{"line":590,"column":18},"end":{"line":590,"column":35}},"202":{"start":{"line":592,"column":18},"end":{"line":600,"column":19}},"203":{"start":{"line":594,"column":20},"end":{"line":594,"column":53}},"204":{"start":{"line":598,"column":20},"end":{"line":598,"column":86}},"205":{"start":{"line":602,"column":18},"end":{"line":607,"column":19}},"206":{"start":{"line":604,"column":20},"end":{"line":604,"column":33}},"207":{"start":{"line":605,"column":20},"end":{"line":605,"column":42}},"208":{"start":{"line":611,"column":14},"end":{"line":611,"column":20}},"209":{"start":{"line":616,"column":16},"end":{"line":616,"column":42}},"210":{"start":{"line":617,"column":16},"end":{"line":617,"column":55}},"211":{"start":{"line":619,"column":16},"end":{"line":641,"column":17}},"212":{"start":{"line":621,"column":18},"end":{"line":639,"column":19}},"213":{"start":{"line":623,"column":20},"end":{"line":628,"column":22}},"214":{"start":{"line":625,"column":22},"end":{"line":625,"column":39}},"215":{"start":{"line":626,"column":22},"end":{"line":626,"column":55}},"216":{"start":{"line":632,"column":20},"end":{"line":637,"column":22}},"217":{"start":{"line":634,"column":22},"end":{"line":634,"column":39}},"218":{"start":{"line":635,"column":22},"end":{"line":635,"column":55}},"219":{"start":{"line":644,"column":16},"end":{"line":678,"column":17}},"220":{"start":{"line":646,"column":18},"end":{"line":651,"column":19}},"221":{"start":{"line":648,"column":20},"end":{"line":648,"column":33}},"222":{"start":{"line":649,"column":20},"end":{"line":649,"column":42}},"223":{"start":{"line":656,"column":21},"end":{"line":678,"column":17}},"224":{"start":{"line":658,"column":18},"end":{"line":658,"column":69}},"225":{"start":{"line":659,"column":18},"end":{"line":659,"column":35}},"226":{"start":{"line":661,"column":18},"end":{"line":669,"column":19}},"227":{"start":{"line":663,"column":20},"end":{"line":663,"column":54}},"228":{"start":{"line":667,"column":20},"end":{"line":667,"column":87}},"229":{"start":{"line":671,"column":18},"end":{"line":676,"column":19}},"230":{"start":{"line":673,"column":20},"end":{"line":673,"column":33}},"231":{"start":{"line":674,"column":20},"end":{"line":674,"column":42}},"232":{"start":{"line":680,"column":14},"end":{"line":680,"column":20}},"233":{"start":{"line":685,"column":16},"end":{"line":685,"column":42}},"234":{"start":{"line":686,"column":16},"end":{"line":686,"column":56}},"235":{"start":{"line":688,"column":16},"end":{"line":710,"column":17}},"236":{"start":{"line":690,"column":18},"end":{"line":708,"column":19}},"237":{"start":{"line":692,"column":20},"end":{"line":697,"column":22}},"238":{"start":{"line":694,"column":22},"end":{"line":694,"column":39}},"239":{"start":{"line":695,"column":22},"end":{"line":695,"column":55}},"240":{"start":{"line":701,"column":20},"end":{"line":706,"column":22}},"241":{"start":{"line":703,"column":22},"end":{"line":703,"column":39}},"242":{"start":{"line":704,"column":22},"end":{"line":704,"column":55}},"243":{"start":{"line":713,"column":16},"end":{"line":747,"column":17}},"244":{"start":{"line":715,"column":18},"end":{"line":720,"column":19}},"245":{"start":{"line":717,"column":20},"end":{"line":717,"column":33}},"246":{"start":{"line":718,"column":20},"end":{"line":718,"column":42}},"247":{"start":{"line":725,"column":21},"end":{"line":747,"column":17}},"248":{"start":{"line":727,"column":18},"end":{"line":727,"column":68}},"249":{"start":{"line":728,"column":18},"end":{"line":728,"column":35}},"250":{"start":{"line":730,"column":18},"end":{"line":738,"column":19}},"251":{"start":{"line":732,"column":20},"end":{"line":732,"column":53}},"252":{"start":{"line":736,"column":20},"end":{"line":736,"column":86}},"253":{"start":{"line":740,"column":18},"end":{"line":745,"column":19}},"254":{"start":{"line":742,"column":20},"end":{"line":742,"column":33}},"255":{"start":{"line":743,"column":20},"end":{"line":743,"column":42}},"256":{"start":{"line":749,"column":14},"end":{"line":749,"column":20}},"257":{"start":{"line":754,"column":16},"end":{"line":754,"column":42}},"258":{"start":{"line":755,"column":16},"end":{"line":755,"column":55}},"259":{"start":{"line":757,"column":16},"end":{"line":779,"column":17}},"260":{"start":{"line":759,"column":18},"end":{"line":777,"column":19}},"261":{"start":{"line":761,"column":20},"end":{"line":766,"column":22}},"262":{"start":{"line":763,"column":22},"end":{"line":763,"column":39}},"263":{"start":{"line":764,"column":22},"end":{"line":764,"column":55}},"264":{"start":{"line":770,"column":20},"end":{"line":775,"column":22}},"265":{"start":{"line":772,"column":22},"end":{"line":772,"column":39}},"266":{"start":{"line":773,"column":22},"end":{"line":773,"column":55}},"267":{"start":{"line":782,"column":16},"end":{"line":816,"column":17}},"268":{"start":{"line":784,"column":18},"end":{"line":789,"column":19}},"269":{"start":{"line":786,"column":20},"end":{"line":786,"column":33}},"270":{"start":{"line":787,"column":20},"end":{"line":787,"column":42}},"271":{"start":{"line":794,"column":21},"end":{"line":816,"column":17}},"272":{"start":{"line":796,"column":18},"end":{"line":796,"column":69}},"273":{"start":{"line":797,"column":18},"end":{"line":797,"column":35}},"274":{"start":{"line":799,"column":18},"end":{"line":807,"column":19}},"275":{"start":{"line":801,"column":20},"end":{"line":801,"column":54}},"276":{"start":{"line":805,"column":20},"end":{"line":805,"column":87}},"277":{"start":{"line":809,"column":18},"end":{"line":814,"column":19}},"278":{"start":{"line":811,"column":20},"end":{"line":811,"column":33}},"279":{"start":{"line":812,"column":20},"end":{"line":812,"column":42}},"280":{"start":{"line":818,"column":14},"end":{"line":818,"column":20}},"281":{"start":{"line":824,"column":16},"end":{"line":845,"column":17}},"282":{"start":{"line":826,"column":18},"end":{"line":831,"column":19}},"283":{"start":{"line":828,"column":20},"end":{"line":828,"column":33}},"284":{"start":{"line":829,"column":20},"end":{"line":829,"column":42}},"285":{"start":{"line":838,"column":18},"end":{"line":843,"column":19}},"286":{"start":{"line":840,"column":20},"end":{"line":840,"column":33}},"287":{"start":{"line":841,"column":20},"end":{"line":841,"column":42}},"288":{"start":{"line":847,"column":14},"end":{"line":847,"column":20}},"289":{"start":{"line":853,"column":16},"end":{"line":874,"column":17}},"290":{"start":{"line":855,"column":18},"end":{"line":860,"column":19}},"291":{"start":{"line":857,"column":20},"end":{"line"
[...]
4},"end":{"line":115,"column":17}},"45":{"start":{"line":113,"column":10},"end":{"line":113,"column":43}},"46":{"start":{"line":117,"column":4},"end":{"line":142,"column":5}},"47":{"start":{"line":118,"column":6},"end":{"line":118,"column":116}},"48":{"start":{"line":120,"column":6},"end":{"line":141,"column":7}},"49":{"start":{"line":121,"column":8},"end":{"line":121,"column":53}},"50":{"start":{"line":122,"column":13},"end":{"line":141,"column":7}},"51":{"start":{"line":123,"column":8},"end":{"line":123,"column":54}},"52":{"start":{"line":124,"column":13},"end":{"line":141,"column":7}},"53":{"start":{"line":125,"column":8},"end":{"line":125,"column":45}},"54":{"start":{"line":126,"column":13},"end":{"line":141,"column":7}},"55":{"start":{"line":127,"column":8},"end":{"line":127,"column":96}},"56":{"start":{"line":128,"column":13},"end":{"line":141,"column":7}},"57":{"start":{"line":131,"column":8},"end":{"line":138,"column":9}},"58":{"start":{"line":132,"column":10},"end":{"line":132,"column":51}},"59":{"start":{"line":134,"column":10},"end":{"line":134,"column":50}},"60":{"start":{"line":135,"column":10},"end":{"line":135,"column":60}},"61":{"start":{"line":136,"column":10},"end":{"line":136,"column":59}},"62":{"start":{"line":137,"column":10},"end":{"line":137,"column":97}},"63":{"start":{"line":140,"column":8},"end":{"line":140,"column":49}},"64":{"start":{"line":144,"column":4},"end":{"line":144,"column":43}},"65":{"start":{"line":145,"column":4},"end":{"line":145,"column":44}},"66":{"start":{"line":146,"column":4},"end":{"line":146,"column":43}},"67":{"start":{"line":148,"column":4},"end":{"line":148,"column":49}},"68":{"start":{"line":151,"column":2},"end":{"line":185,"column":4}},"69":{"start":{"line":156,"column":6},"end":{"line":156,"column":60}},"70":{"start":{"line":161,"column":6},"end":{"line":163,"column":10}},"71":{"start":{"line":162,"column":8},"end":{"line":162,"column":38}},"72":{"start":{"line":168,"column":6},"end":{"line":168,"column":25}},"73":{"start":{"line":173,"column":6},"end":{"line":173,"column":69}},"74":{"start":{"line":178,"column":6},"end":{"line":178,"column":69}},"75":{"start":{"line":183,"column":6},"end":{"line":183,"column":60}},"76":{"start":{"line":188,"column":2},"end":{"line":190,"column":4}},"77":{"start":{"line":189,"column":4},"end":{"line":189,"column":44}},"78":{"start":{"line":199,"column":0},"end":{"line":211,"column":13}},"79":{"start":{"line":200,"column":2},"end":{"line":200,"column":35}},"80":{"start":{"line":200,"column":28},"end":{"line":200,"column":35}},"81":{"start":{"line":202,"column":2},"end":{"line":206,"column":3}},"82":{"start":{"line":203,"column":4},"end":{"line":203,"column":69}},"83":{"start":{"line":203,"column":28},"end":{"line":203,"column":69}},"84":{"start":{"line":204,"column":4},"end":{"line":204,"column":75}},"85":{"start":{"line":204,"column":28},"end":{"line":204,"column":75}},"86":{"start":{"line":205,"column":4},"end":{"line":205,"column":39}},"87":{"start":{"line":208,"column":2},"end":{"line":210,"column":3}},"88":{"start":{"line":209,"column":4},"end":{"line":209,"column":34}},"89":{"start":{"line":219,"column":0},"end":{"line":234,"column":5}},"90":{"start":{"line":220,"column":2},"end":{"line":233,"column":3}},"91":{"start":{"line":224,"column":4},"end":{"line":224,"column":84}},"92":{"start":{"line":225,"column":4},"end":{"line":232,"column":7}},"93":{"start":{"line":227,"column":8},"end":{"line":227,"column":39}},"94":{"start":{"line":230,"column":8},"end":{"line":230,"column":42}}},"branchMap":{"1":{"line":27,"type":"if","locations":[{"start":{"line":27,"column":2},"end":{"line":27,"column":2}},{"start":{"line":27,"column":2},"end":{"line":27,"column":2}}]},"2":{"line":37,"type":"binary-expr","locations":[{"start":{"line":37,"column":14},"end":{"line":37,"column":15}},{"start":{"line":37,"column":19},"end":{"line":37,"column":28}}]},"3":{"line":38,"type":"binary-expr","locations":[{"start":{"line":38,"column":26},"end":{"line":38,"column":42}},{"start":{"line":38,"column":47},"end":{"line":38,"column":80}}]},"4":{"line":39,"type":"binary-expr","locations":[{"start":{"line":39,"column":26},"end":{"line":39,"column":43}},{"start":{"line":39,"column":47},"end":{"line":39,"column":80}}]},"5":{"line":47,"type":"if","locations":[{"start":{"line":47,"column":4},"end":{"line":47,"column":4}},{"start":{"line":47,"column":4},"end":{"line":47,"column":4}}]},"6":{"line":52,"type":"if","locations":[{"start":{"line":52,"column":2},"end":{"line":52,"column":2}},{"start":{"line":52,"column":2},"end":{"line":52,"column":2}}]},"7":{"line":72,"type":"if","locations":[{"start":{"line":72,"column":2},"end":{"line":72,"column":2}},{"start":{"line":72,"column":2},"end":{"line":72,"column":2}}]},"8":{"line":76,"type":"binary-expr","locations":[{"start":{"line":76,"column":16},"end":{"line":76,"column":32}},{"start":{"line":76,"column":36},"end":{"line":76,"column":107}},{"start":{"line":76,"column":111},"end":{"line":76,"column":121}}]},"9":{"line":81,"type":"cond-expr","locations":[{"start":{"line":81,"column":27},"end":{"line":81,"column":35}},{"start":{"line":81,"column":38},"end":{"line":81,"column":152}}]},"10":{"line":81,"type":"cond-expr","locations":[{"start":{"line":81,"column":85},"end":{"line":81,"column":147}},{"start":{"line":81,"column":150},"end":{"line":81,"column":152}}]},"11":{"line":81,"type":"binary-expr","locations":[{"start":{"line":81,"column":38},"end":{"line":81,"column":57}},{"start":{"line":81,"column":61},"end":{"line":81,"column":82}}]},"12":{"line":82,"type":"cond-expr","locations":[{"start":{"line":82,"column":40},"end":{"line":82,"column":48}},{"start":{"line":82,"column":51},"end":{"line":82,"column":119}}]},"13":{"line":82,"type":"cond-expr","locations":[{"start":{"line":82,"column":77},"end":{"line":82,"column":96}},{"start":{"line":82,"column":99},"end":{"line":82,"column":119}}]},"14":{"line":84,"type":"cond-expr","locations":[{"start":{"line":84,"column":27},"end":{"line":84,"column":48}},{"start":{"line":85,"column":11},"end":{"line":91,"column":15}}]},"15":{"line":85,"type":"cond-expr","locations":[{"start":{"line":85,"column":28},"end":{"line":85,"column":46}},{"start":{"line":86,"column":11},"end":{"line":91,"column":15}}]},"16":{"line":86,"type":"cond-expr","locations":[{"start":{"line":86,"column":28},"end":{"line":86,"column":43}},{"start":{"line":87,"column":11},"end":{"line":91,"column":15}}]},"17":{"line":87,"type":"cond-expr","locations":[{"start":{"line":87,"column":28},"end":{"line":87,"column":37}},{"start":{"line":88,"column":11},"end":{"line":91,"column":15}}]},"18":{"line":88,"type":"cond-expr","locations":[{"start":{"line":88,"column":28},"end":{"line":88,"column":51}},{"start":{"line":89,"column":11},"end":{"line":91,"column":15}}]},"19":{"line":89,"type":"cond-expr","locations":[{"start":{"line":89,"column":28},"end":{"line":89,"column":47}},{"start":{"line":90,"column":11},"end":{"line":91,"column":15}}]},"20":{"line":90,"type":"cond-expr","locations":[{"start":{"line":90,"column":28},"end":{"line":90,"column":42}},{"start":{"line":91,"column":11},"end":{"line":91,"column":15}}]},"21":{"line":95,"type":"cond-expr","locations":[{"start":{"line":95,"column":46},"end":{"line":95,"column":53}},{"start":{"line":95,"column":56},"end":{"line":95,"column":58}}]},"22":{"line":101,"type":"cond-expr","locations":[{"start":{"line":101,"column":94},"end":{"line":101,"column":106}},{"start":{"line":102,"column":23},"end":{"line":104,"column":65}}]},"23":{"line":101,"type":"binary-expr","locations":[{"start":{"line":101,"column":23},"end":{"line":101,"column":43}},{"start":{"line":101,"column":47},"end":{"line":101,"column":67}},{"start":{"line":101,"column":71},"end":{"line":101,"column":91}}]},"24":{"line":102,"type":"cond-expr","locations":[{"start":{"line":102,"column":70},"end":{"line":102,"column":92}},{"start":{"line":103,"column":23},"end":{"line":104,"column":65}}]},"25":{"line":102,"type":"binary-expr","locations":[{"start":{"line":102,"column":23},"end":{"line":102,"column":43}},{"start":{"line":102,"column":47},"end":{"line":102,"column":67}}]},"26":{"line":103,"type":"cond-expr","locations":[{"start":{"line":103,"column":46},"end":{"line":103,"column":78}},{"start":{"line":104,"column":23},"end":{"line":104,"column":65}}]},"27":{"line":118,"type":"cond-expr","locations":[{"start":{"line":118,"column":66},"end":{"line":118,"column":73}},{"start":{"line":118,"column":76},"end":{"line":118,"column":114}}]},"28":{"line":120,"type":"if","locations":[{"start":{"line":120,"column":6},"end":{"line":120,"column":6}},{"start":{"line":120,"column":6},"end":{"line":120,"column":6}}]},"29":{"line":122,"type":"if","locations":[{"start":{"line":122,"column":13},"end":{"line":122,"column":13}},{"start":{"line":122,"column":13},"end":{"line":122,"column":13}}]},"30":{"line":124,"type":"if","locations":[{"start":{"line":124,"column":13},"end":{"line":124,"column":13}},{"start":{"line":124,"column":13},"end":{"line":124,"column":13}}]},"31":{"line":126,"type":"if","locations":[{"start":{"line":126,"column":13},"end":{"line":126,"column":13}},{"start":{"line":126,"column":13},"end":{"line":126,"column":13}}]},"32":{"line":126,"type":"binary-expr","locations":[{"start":{"line":126,"column":17},"end":{"line":126,"column":60}},{"start":{"line":126,"column":64},"end":{"line":126,"column":89}}]},"33":{"line":128,"type":"if","locations":[{"start":{"line":128,"column":13},"end":{"line":128,"column":13}},{"start":{"line":128,"column":13},"end":{"line":128,"column":13}}]},"34":{"line":135,"type":"binary-expr","locations":[{"start":{"line":135,"column":31},"end":{"line":135,"column":49}},{"start":{"line":135,"column":53},"end":{"line":135,"column":59}}]},"35":{"line":136,"type":"binary-expr","locations":[{"start":{"line":136,"column":31},"end":{"line":136,"column":49}},{"start":{"line":136,"column":53},"end":{"line":136,"column":58}}]},"36":{"line":200,"type":"if","locations":[{"start":{"line":200,"column":2},"end":{"line":200,"column":2}},{"start":{"line":200,"column":2},"end":{"line":200,"column":2}}]},"37":{"line":203,"type":"if","locations":[{"start":{"line":203,"column":4},"end":{"line":203,"column":4}},{"start":{"line":203,"column":4},"end":{"line":203,"column":4}}]},"38":{"line":204,"type":"if","locations":[{"start":{"line":204,"column":4},"end":{"line":204,"column":4}},{"start":{"line":204,"column":4},"end":{"line":204,"column":4}}]},"39":{"line":220,"type":"if","locations":[{"start":{"line":220,"column":2},"end":{"line":220,"column":2}},{"start":{"line":220,"column":2},"end":{"line":220,"column":2}}]},"40":{"line":220,"type":"binary-expr","locations":[{"start":{"line":220,"column":6},"end":{"line":220,"column":27}},{"start":{"line":221,"column":5},"end":{"line":221,"column":36}},{"start":{"line":222,"column":5},"end":{"line":222,"column":70}},{"start":{"line":223,"column":5},"end":{"line":223,"column":75}}]}},"code":["/*","","#  EQCSS IE8 Polyfills","## version 1.6.0","","This file contains optional polyfills to provide:","IE8 support to the EQCSS.js plugin","","- github.com/eqcss/eqcss","- elementqueries.com","","Authors: Tommy Hodgins, Maxime Euzière","","License: MIT","","*/","","/*"," * addEventListener polyfill 1.0 / Eirik Backer / MIT Licence"," * Forked from http://css-tricks.com/snippets/javascript/addeventlistner-polyfill/"," * Adds the native DOM2 function addEventListener on IE6 - 8."," */","","(function (win, doc) {","","  // If the function already exists, no need to polyfill","  if (win.addEventListener) return;","","  function docHijack(p) {","    var old = doc[p];","    doc[p] = function (v) {","      return addListen(old(v))","    }","  }","  function addEvent(on, fn, self) {","    return (self = this).attachEvent('on' + on, function(e) {","      var e = e || win.event;","      e.preventDefault  = e.preventDefault  || function(){e.returnValue = false}","      e.stopPropagation = e.stopPropagation || function(){e.cancelBubble = true}","      try {","        fn.call(self, e);","      }","      catch (e) {}","    });","  }","  function addListen(obj, i) {","    if (i = obj.length) while (i--) obj[i].addEventListener = addEvent;","    else obj.addEventListener = addEvent;","    return obj;","  }","  addListen([doc, win]);","  if ('Element' in win) win.Element.prototype.addEventListener = addEvent;      // IE8","  else{                                                                       // IE < 8","    doc.attachEvent('onreadystatechange', function(){addListen(doc.all)});    // Make sure we also init at domReady","    docHijack('getElementsByTagName');","    docHijack('getElementById');","    docHijack('createElement');","    addListen(doc.all);","  }","})(window, document);","","/*"," * getComputedStyle and getPropertyValue polyfill / Jonathan Neal / License CC0"," * Forked from: https://github.com/Financial-Times/polyfill-service/tree/master/polyfills/getComputedStyle"," * Allows to measure a CSS property of any element on IE6-8."," * Dimensions (width, height...) are converted and returned in pixels, like modern browsers do."," */","","(function(win) {","","  // If the function already exists, no need to polyfill","  if (win.getComputedStyle) return;","","  function getComputedStylePixel(element, property, fontSize) {","    // Internet Explorer sometimes struggles to read currentStyle until the element's document is accessed.","    var value = element.document && element.currentStyle[property].match(/([\\d\\.]+)(%|cm|em|in|mm|pc|pt|)/) || [0, 0, ''],","        size = value[1],","        suffix = value[2],","        rootSize;","","    fontSize = !fontSize ? fontSize : /%|em/.test(suffix) && element.parentElement ? getComputedStylePixel(element.parentElement, 'fontSize', null) : 16;","    rootSize = property == 'fontSize' ? fontSize : /width/i.test(property) ? element.clientWidth : element.clientHeight;","","    return suffix == '%' ? size / 100 * rootSize :","           suffix == 'cm' ? size * 0.3937 * 96 :","           suffix == 'em' ? size * fontSize :","           suffix == 'in' ? size * 96 :","           suffix == 'mm' ? size * 0.3937 * 96 / 10 :","           suffix == 'pc' ? size * 12 * 96 / 72 :","           suffix == 'pt' ? size * 96 / 72 :","           size;","  }","","  function setShortStyleProperty(style, property) {","    var borderSuffix = property == 'border' ? 'Width' : '',","        t = property + 'Top' + borderSuffix,","        r = property + 'Right' + borderSuffix,","        b = property + 'Bottom' + borderSuffix,","        l = property + 'Left' + borderSuffix;","","    style[property] = (style[t] == style[r] && style[t] == style[b] && style[t] == style[l] ? [ style[t] ] :","                       style[t] == style[b] && style[l] == style[r] ? [ style[t], style[r] ] :","                       style[l] == style[r] ? [ style[t], style[r], style[b] ] :","                       [ style[t], style[r], style[b], style[l] ]).join(' ');","  }","","  // <CSSStyleDeclaration>","  function CSSStyleDeclaration(element) {","    var style = this,","        currentStyle = element.currentStyle,","        fontSize = getComputedStylePixel(element, 'fontSize'),","        unCamelCase = function (match) {","          return '-' + match.toLowerCase();","        },","        property;","","    for (property in currentStyle) {","      Array.prototype.push.call(style, property == 'styleFloat' ? 'float' : property.replace(/[A-Z]/, unCamelCase));","","      if (property == 'width') {","        style[property] = element.offsetWidth + 'px';","      } else if (property == 'height') {","        style[property] = element.offsetHeight + 'px';","      } else if (property == 'styleFloat') {","        style.float = currentStyle[property];","      } else if (/margin.|padding.|border.+W/.test(property) && style[property] != 'auto') {","        style[property] = Math.round(getComputedStylePixel(element, property, fontSize)) + 'px';","      } else if (/^outline/.test(property)) {","","        // errors on checking outline","        try {","          style[property] = currentStyle[property];","        } catch (error) {","          style.outlineColor = currentStyle.color;","          style.outlineStyle = style.outlineStyle || 'none';","          style.outlineWidth = style.outlineWidth || '0px';","          style.outline = [style.outlineColor, style.outlineWidth, style.outlineStyle].join(' ');","        }","      } else {","        style[property] = currentStyle[property];","      }","    }","","    setShortStyleProperty(style, 'margin');","    setShortStyleProperty(style, 'padding');","    setShortStyleProperty(style, 'border');","","    style.fontSize = Math.round(fontSize) + 'px';","  }","","  CSSStyleDeclaration.prototype = {","    constructor: CSSStyleDeclaration,","","    // <CSSStyleDeclaration>.getPropertyPriority","    getPropertyPriority: function () {","      throw new Error('NotSupportedError: DOM Exception 9');","    },","","    // <CSSStyleDeclaration>.getPropertyValue","    getPropertyValue: function (property) {","      return this[property.replace(/-\\w/g, function (match) {","        return match[1].toUpperCase();","      })];","    },","","    // <CSSStyleDeclaration>.item","    item: function (index) {","      return this[index];","    },","","    // <CSSStyleDeclaration>.removeProperty","    removeProperty: function () {","      throw new Error('NoModificationAllowedError: DOM Exception 7');","    },","","    // <CSSStyleDeclaration>.setProperty","    setProperty: function () {","      throw new Error('NoModificationAllowedError: DOM Exception 7');","    },","","    // <CSSStyleDeclaration>.getPropertyCSSValue","    getPropertyCSSValue: function () {","      throw new Error('NotSupportedError: DOM Exception 9');","    }","  };","","  // <win>.getComputedStyle","  win.getComputedStyle = function getComputedStyle(element) {","    return new CSSStyleDeclaration(element);","  };","})(window);","","/*"," * document.querySelector and querySelectorAll polyfill / Maxime Euzière / public domain"," * Forked from: http://xem.github.io/Lazy/"," * Adds basic DOM selection on IE6-8 (selection by tag, class or id only)"," */","","(function(doc) {","  if (doc.querySelectorAll) return;","","  doc.querySelectorAll = function(a) {","    if (\"#\" == a.charAt(0)) return [doc.getElementById(a.substr(1))];","    if (\".\" == a.charAt(0)) return doc.getElementsByClassName(a.substr(1));","    return doc.getElementsByTagName(a);","  }","","  doc.querySelector = function(a) {","    return querySelectorAll(a)[0];","  }","})(document);","","/*"," * textContent polyfill / Eli Grey / cc-by-nc 3.0 license"," * Forked from http://eligrey.com/blog/post/textcontent-in-ie8/"," * Adds textContent property to DOM elements in IE8"," */","","(function() {","  if (Object.defineProperty","  && Object.getOwnPropertyDescriptor","  && Object.getOwnPropertyDescriptor(Element.prototype, \"textContent\")","  && !Object.getOwnPropertyDescriptor(Element.prototype, \"textContent\").get) {","    var innerText = Object.getOwnPropertyDescriptor(Element.prototype, \"innerText\");","    Object.defineProperty(Element.prototype, \"textContent\", {","      get: function() {","        return innerText.get.call(this)","      },","      set: function(x) {","        return innerText.set.call(this, x)","      }","    });","  }","})();"],"l":{"24":2,"27":0,"29":1,"30":0,"31":0,"32":0,"35":1,"36":0,"37":0,"38":0,"39":0,"40":0,"41":0,"46":1,"47":0,"48":0,"49":0,"51":0,"52":0,"54":0,"55":0,"56":0,"57":0,"58":0,"69":0,"72":0,"74":1,"76":0,"81":0,"82":0,"84":0,"94":1,"95":0,"101":0,"108":1,"109":0,"113":0,"117":0,"118":0,"120":0,"121":0,"122":0,"123":0,"124":0,"125":0,"126":0,"127":0,"128":0,"131":0,"132":0,"134":0,"135":0,"136":0,"137":0,"140":0,"144":0,"145":0,"146":0,"148":0,"151":0,"156":0,"161":0,"162":0,"168":0,"173":0,"178":0,"183":0,"188":0,"189":0,"199":0,"200":0,"202":0,"203":0,"204":0,"205":0,"208":0,"209":0,"219":0,"220":0,"224":0,"225":0,"227":0,"230":0}}}